[0.128s] Invoking command in '/home/prime/ros2_ws/build/robile_gazebo': CMAKE_PREFIX_PATH=${CMAKE_PREFIX_PATH}:/home/prime/ros2_ws/install/robile_reach_goal:/home/prime/ros2_ws/install/robile_control_simple:/home/prime/ros2_ws/install/robile_bringup:/opt/ros/humble /usr/bin/cmake /home/prime/ros2_ws/src/robile_gazebo -DCMAKE_INSTALL_PREFIX=/home/prime/ros2_ws/install/robile_gazebo
[0.185s] -- The C compiler identification is GNU 11.4.0
[0.250s] -- The CXX compiler identification is GNU 11.4.0
[0.258s] -- Detecting C compiler ABI info
[0.331s] -- Detecting C compiler ABI info - done
[0.343s] -- Check for working C compiler: /usr/bin/cc - skipped
[0.343s] -- Detecting C compile features
[0.344s] -- Detecting C compile features - done
[0.348s] -- Detecting CXX compiler ABI info
[0.410s] -- Detecting CXX compiler ABI info - done
[0.424s] -- Check for working CXX compiler: /usr/bin/c++ - skipped
[0.424s] -- Detecting CXX compile features
[0.425s] -- Detecting CXX compile features - done
[0.428s] -- Found ament_cmake: 1.3.5 (/opt/ros/humble/share/ament_cmake/cmake)
[0.856s] -- Found Python3: /usr/bin/python3.10 (found version "3.10.12") found components: Interpreter 
[1.010s] -- Found rclcpp: 16.0.6 (/opt/ros/humble/share/rclcpp/cmake)
[1.051s] -- Found rosidl_generator_c: 3.1.5 (/opt/ros/humble/share/rosidl_generator_c/cmake)
[1.056s] -- Found rosidl_adapter: 3.1.5 (/opt/ros/humble/share/rosidl_adapter/cmake)
[1.063s] -- Found rosidl_generator_cpp: 3.1.5 (/opt/ros/humble/share/rosidl_generator_cpp/cmake)
[1.075s] -- Using all available rosidl_typesupport_c: rosidl_typesupport_fastrtps_c;rosidl_typesupport_introspection_c
[1.094s] -- Using all available rosidl_typesupport_cpp: rosidl_typesupport_fastrtps_cpp;rosidl_typesupport_introspection_cpp
[1.168s] -- Found rmw_implementation_cmake: 6.1.1 (/opt/ros/humble/share/rmw_implementation_cmake/cmake)
[1.170s] -- Found rmw_fastrtps_cpp: 6.2.4 (/opt/ros/humble/share/rmw_fastrtps_cpp/cmake)
[1.247s] -- Found OpenSSL: /usr/lib/x86_64-linux-gnu/libcrypto.so (found version "3.0.2")  
[1.267s] -- Found FastRTPS: /opt/ros/humble/include  
[1.303s] -- Using RMW implementation 'rmw_fastrtps_cpp' as default
[1.311s] -- Looking for pthread.h
[1.359s] -- Looking for pthread.h - found
[1.359s] -- Performing Test CMAKE_HAVE_LIBC_PTHREAD
[1.409s] -- Performing Test CMAKE_HAVE_LIBC_PTHREAD - Success
[1.410s] -- Found Threads: TRUE  
[1.557s] [33mCMake Warning (dev) at /usr/share/cmake-3.22/Modules/FindPackageHandleStandardArgs.cmake:438 (message):
[1.557s]   The package name passed to `find_package_handle_standard_args` (PkgConfig)
[1.558s]   does not match the name of the calling package (gazebo).  This can lead to
[1.558s]   problems in calling code that expects `find_package` result variables
[1.558s]   (e.g., `_FOUND`) to follow a certain pattern.
[1.558s] Call Stack (most recent call first):
[1.558s]   /usr/share/cmake-3.22/Modules/FindPkgConfig.cmake:99 (find_package_handle_standard_args)
[1.558s]   /usr/lib/x86_64-linux-gnu/cmake/gazebo/gazebo-config.cmake:72 (include)
[1.559s]   CMakeLists.txt:16 (find_package)
[1.559s] This warning is for project developers.  Use -Wno-dev to suppress it.
[1.559s] [0m
[1.559s] -- Found PkgConfig: /usr/bin/pkg-config (found version "0.29.2") 
[1.559s] -- Checking for module 'bullet>=2.82'
[1.566s] --   Found bullet, version 3.05
[1.630s] -- Found fcl: /usr/include (found suitable version "0.7.0", minimum required is "0.5.0") 
[1.659s] -- Found assimp: /usr/include (found version "5.2.0") 
[1.673s] -- Found DART: /usr/include (Required is at least version "6.6") found components: dart 
[1.695s] -- Found Boost: /usr/lib/x86_64-linux-gnu/cmake/Boost-1.74.0/BoostConfig.cmake (found suitable version "1.74.0", minimum required is "1.40.0") found components: thread system filesystem program_options regex iostreams date_time 
[1.706s] -- Found Protobuf: /usr/lib/x86_64-linux-gnu/libprotobuf.so (found version "3.12.4") 
[1.710s] -- Looking for ignition-math6 -- found version 6.15.0
[1.714s] -- Searching for dependencies of ignition-math6
[1.715s] -- Looking for OGRE...
[1.716s] -- OGRE_PREFIX_WATCH changed.
[1.719s] -- Checking for module 'OGRE'
[1.727s] --   Found OGRE, version 1.9.0
[1.746s] -- Found Ogre Ghadamon (1.9.0)
[1.750s] -- Found OGRE: optimized;/usr/lib/x86_64-linux-gnu/libOgreMain.so;debug;/usr/lib/x86_64-linux-gnu/libOgreMain.so
[1.757s] -- Looking for OGRE_Paging...
[1.761s] -- Found OGRE_Paging: optimized;/usr/lib/x86_64-linux-gnu/libOgrePaging.so;debug;/usr/lib/x86_64-linux-gnu/libOgrePaging.so
[1.761s] -- Looking for OGRE_Terrain...
[1.765s] -- Found OGRE_Terrain: optimized;/usr/lib/x86_64-linux-gnu/libOgreTerrain.so;debug;/usr/lib/x86_64-linux-gnu/libOgreTerrain.so
[1.765s] -- Looking for OGRE_Property...
[1.768s] -- Found OGRE_Property: optimized;/usr/lib/x86_64-linux-gnu/libOgreProperty.so;debug;/usr/lib/x86_64-linux-gnu/libOgreProperty.so
[1.769s] -- Looking for OGRE_RTShaderSystem...
[1.772s] -- Found OGRE_RTShaderSystem: optimized;/usr/lib/x86_64-linux-gnu/libOgreRTShaderSystem.so;debug;/usr/lib/x86_64-linux-gnu/libOgreRTShaderSystem.so
[1.772s] -- Looking for OGRE_Volume...
[1.776s] -- Found OGRE_Volume: optimized;/usr/lib/x86_64-linux-gnu/libOgreVolume.so;debug;/usr/lib/x86_64-linux-gnu/libOgreVolume.so
[1.776s] -- Looking for OGRE_Overlay...
[1.780s] -- Found OGRE_Overlay: optimized;/usr/lib/x86_64-linux-gnu/libOgreOverlay.so;debug;/usr/lib/x86_64-linux-gnu/libOgreOverlay.so
[1.863s] -- Looking for ignition-math6 -- found version 6.15.0
[1.865s] -- Looking for ignition-transport8 -- found version 8.2.1
[1.865s] -- Searching for dependencies of ignition-transport8
[1.877s] -- Found Protobuf: /usr/lib/x86_64-linux-gnu/libprotobuf.so (found suitable version "3.12.4", minimum required is "3") 
[1.884s] -- Config-file not installed for ZeroMQ -- checking for pkg-config
[1.888s] -- Checking for module 'libzmq >= 4'
[1.896s] --   Found libzmq , version 4.3.4
[1.918s] -- Found ZeroMQ: TRUE (Required is at least version "4") 
[1.922s] -- Checking for module 'uuid'
[1.930s] --   Found uuid, version 2.37.2
[1.949s] -- Found UUID: TRUE  
[1.950s] -- Looking for ignition-msgs5 -- found version 5.8.1
[1.951s] -- Searching for dependencies of ignition-msgs5
[1.963s] -- Looking for ignition-math6 -- found version 6.15.0
[1.967s] -- Checking for module 'tinyxml2'
[1.975s] --   Found tinyxml2, version 9.0.0
[1.994s] -- Looking for ignition-msgs5 -- found version 5.8.1
[1.996s] -- Looking for ignition-common3 -- found version 3.14.0
[1.997s] -- Searching for dependencies of ignition-common3
[1.997s] -- Looking for dlfcn.h - found
[1.998s] -- Looking for libdl - found
[1.999s] -- Found DL: TRUE  
[2.008s] -- Found tinyobjloader: /usr/lib/x86_64-linux-gnu/cmake/tinyobjloader/tinyobjloader-config.cmake (found version "2.0.0") 
[2.008s] -- Searching for <ignition-common3> component [graphics]
[2.010s] -- Looking for ignition-common3-graphics -- found version 3.14.0
[2.010s] -- Searching for dependencies of ignition-common3-graphics
[2.010s] -- Looking for ignition-math6 -- found version 6.15.0
[2.012s] -- Looking for ignition-fuel_tools4 -- found version 4.4.0
[2.013s] -- Searching for dependencies of ignition-fuel_tools4
[2.060s] -- Found CURL: /usr/lib/x86_64-linux-gnu/libcurl.so (found version "7.81.0")  
[2.066s] -- Checking for module 'jsoncpp'
[2.074s] --   Found jsoncpp, version 1.9.5
[2.093s] -- Found JSONCPP: TRUE  
[2.097s] -- Checking for module 'libzip'
[2.105s] --   Found libzip, version 1.7.3
[2.125s] -- Found ZIP: TRUE  
[2.126s] -- Looking for ignition-common3 -- found version 3.14.0
[2.126s] -- Looking for ignition-math6 -- found version 6.15.0
[2.126s] -- Looking for ignition-msgs5 -- found version 5.8.1
[2.130s] -- Found gazebo_ros_pkgs: 3.7.0 (/opt/ros/humble/share/gazebo_ros_pkgs/cmake)
[2.131s] -- Found geometry_msgs: 4.2.3 (/opt/ros/humble/share/geometry_msgs/cmake)
[2.170s] -- Found nav_msgs: 4.2.3 (/opt/ros/humble/share/nav_msgs/cmake)
[2.245s] -- Found sensor_msgs: 4.2.3 (/opt/ros/humble/share/sensor_msgs/cmake)
[2.319s] -- Found tf2: 0.25.4 (/opt/ros/humble/share/tf2/cmake)
[2.379s] -- Configuring done
[2.382s] -- Generating done
[2.384s] -- Build files have been written to: /home/prime/ros2_ws/build/robile_gazebo
[2.391s] Invoked command in '/home/prime/ros2_ws/build/robile_gazebo' returned '0': CMAKE_PREFIX_PATH=${CMAKE_PREFIX_PATH}:/home/prime/ros2_ws/install/robile_reach_goal:/home/prime/ros2_ws/install/robile_control_simple:/home/prime/ros2_ws/install/robile_bringup:/opt/ros/humble /usr/bin/cmake /home/prime/ros2_ws/src/robile_gazebo -DCMAKE_INSTALL_PREFIX=/home/prime/ros2_ws/install/robile_gazebo
[2.393s] Invoking command in '/home/prime/ros2_ws/build/robile_gazebo': CMAKE_PREFIX_PATH=${CMAKE_PREFIX_PATH}:/home/prime/ros2_ws/install/robile_reach_goal:/home/prime/ros2_ws/install/robile_control_simple:/home/prime/ros2_ws/install/robile_bringup:/opt/ros/humble /usr/bin/cmake --build /home/prime/ros2_ws/build/robile_gazebo -- -j12 -l12
[2.422s] Invoked command in '/home/prime/ros2_ws/build/robile_gazebo' returned '0': CMAKE_PREFIX_PATH=${CMAKE_PREFIX_PATH}:/home/prime/ros2_ws/install/robile_reach_goal:/home/prime/ros2_ws/install/robile_control_simple:/home/prime/ros2_ws/install/robile_bringup:/opt/ros/humble /usr/bin/cmake --build /home/prime/ros2_ws/build/robile_gazebo -- -j12 -l12
[2.436s] Invoking command in '/home/prime/ros2_ws/build/robile_gazebo': CMAKE_PREFIX_PATH=${CMAKE_PREFIX_PATH}:/home/prime/ros2_ws/install/robile_reach_goal:/home/prime/ros2_ws/install/robile_control_simple:/home/prime/ros2_ws/install/robile_bringup:/opt/ros/humble /usr/bin/cmake --install /home/prime/ros2_ws/build/robile_gazebo
[2.441s] -- Install configuration: ""
[2.441s] -- Installing: /home/prime/ros2_ws/install/robile_gazebo/share/robile_gazebo//config
[2.441s] -- Installing: /home/prime/ros2_ws/install/robile_gazebo/share/robile_gazebo//config/rviz
[2.441s] -- Installing: /home/prime/ros2_ws/install/robile_gazebo/share/robile_gazebo//config/rviz/robile_rolling.rviz
[2.441s] -- Installing: /home/prime/ros2_ws/install/robile_gazebo/share/robile_gazebo//config/rviz/robile_foxy_nav.rviz
[2.441s] -- Installing: /home/prime/ros2_ws/install/robile_gazebo/share/robile_gazebo//config/rviz/robile.rviz
[2.441s] -- Installing: /home/prime/ros2_ws/install/robile_gazebo/share/robile_gazebo//config/doxygen
[2.442s] -- Installing: /home/prime/ros2_ws/install/robile_gazebo/share/robile_gazebo//config/doxygen/Doxyfile.in
[2.442s] -- Installing: /home/prime/ros2_ws/install/robile_gazebo/share/robile_gazebo//launch
[2.442s] -- Installing: /home/prime/ros2_ws/install/robile_gazebo/share/robile_gazebo//launch/gazebo_4_wheel.launch.py
[2.442s] -- Installing: /home/prime/ros2_ws/install/robile_gazebo/share/robile_gazebo//worlds
[2.442s] -- Installing: /home/prime/ros2_ws/install/robile_gazebo/share/robile_gazebo//worlds/potential_field_gazebo.world
[2.442s] -- Installing: /home/prime/ros2_ws/install/robile_gazebo/share/ament_index/resource_index/package_run_dependencies/robile_gazebo
[2.442s] -- Installing: /home/prime/ros2_ws/install/robile_gazebo/share/ament_index/resource_index/parent_prefix_path/robile_gazebo
[2.442s] -- Installing: /home/prime/ros2_ws/install/robile_gazebo/share/robile_gazebo/environment/ament_prefix_path.sh
[2.442s] -- Installing: /home/prime/ros2_ws/install/robile_gazebo/share/robile_gazebo/environment/ament_prefix_path.dsv
[2.442s] -- Installing: /home/prime/ros2_ws/install/robile_gazebo/share/robile_gazebo/environment/path.sh
[2.442s] -- Installing: /home/prime/ros2_ws/install/robile_gazebo/share/robile_gazebo/environment/path.dsv
[2.442s] -- Installing: /home/prime/ros2_ws/install/robile_gazebo/share/robile_gazebo/local_setup.bash
[2.442s] -- Installing: /home/prime/ros2_ws/install/robile_gazebo/share/robile_gazebo/local_setup.sh
[2.442s] -- Installing: /home/prime/ros2_ws/install/robile_gazebo/share/robile_gazebo/local_setup.zsh
[2.442s] -- Installing: /home/prime/ros2_ws/install/robile_gazebo/share/robile_gazebo/local_setup.dsv
[2.442s] -- Installing: /home/prime/ros2_ws/install/robile_gazebo/share/robile_gazebo/package.dsv
[2.442s] -- Installing: /home/prime/ros2_ws/install/robile_gazebo/share/ament_index/resource_index/packages/robile_gazebo
[2.443s] -- Installing: /home/prime/ros2_ws/install/robile_gazebo/share/robile_gazebo/cmake/ament_cmake_export_include_directories-extras.cmake
[2.443s] -- Installing: /home/prime/ros2_ws/install/robile_gazebo/share/robile_gazebo/cmake/robile_gazeboConfig.cmake
[2.443s] -- Installing: /home/prime/ros2_ws/install/robile_gazebo/share/robile_gazebo/cmake/robile_gazeboConfig-version.cmake
[2.443s] -- Installing: /home/prime/ros2_ws/install/robile_gazebo/share/robile_gazebo/package.xml
[2.444s] Invoked command in '/home/prime/ros2_ws/build/robile_gazebo' returned '0': CMAKE_PREFIX_PATH=${CMAKE_PREFIX_PATH}:/home/prime/ros2_ws/install/robile_reach_goal:/home/prime/ros2_ws/install/robile_control_simple:/home/prime/ros2_ws/install/robile_bringup:/opt/ros/humble /usr/bin/cmake --install /home/prime/ros2_ws/build/robile_gazebo
