[0.745s] Invoking command in '/home/prime/ros2_ws/build/robile_navigation': CMAKE_PREFIX_PATH=${CMAKE_PREFIX_PATH}:/home/prime/ros2_ws/install/robile_reach_goal:/home/prime/ros2_ws/install/robile_control_simple:/home/prime/ros2_ws/install/robile_bringup:/opt/ros/humble /usr/bin/cmake /home/prime/ros2_ws/src/robile_navigation -DCMAKE_INSTALL_PREFIX=/home/prime/ros2_ws/install/robile_navigation
[0.779s] -- The C compiler identification is GNU 11.4.0
[0.818s] -- The CXX compiler identification is GNU 11.4.0
[0.823s] -- Detecting C compiler ABI info
[0.867s] -- Detecting C compiler ABI info - done
[0.873s] -- Check for working C compiler: /usr/bin/cc - skipped
[0.873s] -- Detecting C compile features
[0.873s] -- Detecting C compile features - done
[0.875s] -- Detecting CXX compiler ABI info
[0.929s] -- Detecting CXX compiler ABI info - done
[0.935s] -- Check for working CXX compiler: /usr/bin/c++ - skipped
[0.935s] -- Detecting CXX compile features
[0.936s] -- Detecting CXX compile features - done
[0.937s] -- Found ament_cmake: 1.3.5 (/opt/ros/humble/share/ament_cmake/cmake)
[1.266s] -- Found Python3: /usr/bin/python3.10 (found version "3.10.12") found components: Interpreter 
[1.358s] -- Found rclcpp: 16.0.6 (/opt/ros/humble/share/rclcpp/cmake)
[1.399s] -- Found rosidl_generator_c: 3.1.5 (/opt/ros/humble/share/rosidl_generator_c/cmake)
[1.404s] -- Found rosidl_adapter: 3.1.5 (/opt/ros/humble/share/rosidl_adapter/cmake)
[1.413s] -- Found rosidl_generator_cpp: 3.1.5 (/opt/ros/humble/share/rosidl_generator_cpp/cmake)
[1.429s] -- Using all available rosidl_typesupport_c: rosidl_typesupport_fastrtps_c;rosidl_typesupport_introspection_c
[1.447s] -- Using all available rosidl_typesupport_cpp: rosidl_typesupport_fastrtps_cpp;rosidl_typesupport_introspection_cpp
[1.513s] -- Found rmw_implementation_cmake: 6.1.1 (/opt/ros/humble/share/rmw_implementation_cmake/cmake)
[1.518s] -- Found rmw_fastrtps_cpp: 6.2.4 (/opt/ros/humble/share/rmw_fastrtps_cpp/cmake)
[1.608s] -- Found OpenSSL: /usr/lib/x86_64-linux-gnu/libcrypto.so (found version "3.0.2")  
[1.644s] -- Found FastRTPS: /opt/ros/humble/include  
[1.708s] -- Using RMW implementation 'rmw_fastrtps_cpp' as default
[1.722s] -- Looking for pthread.h
[1.779s] -- Looking for pthread.h - found
[1.779s] -- Performing Test CMAKE_HAVE_LIBC_PTHREAD
[1.860s] -- Performing Test CMAKE_HAVE_LIBC_PTHREAD - Success
[1.861s] -- Found Threads: TRUE  
[2.035s] -- Found rclpy: 3.3.10 (/opt/ros/humble/share/rclpy/cmake)
[2.036s] -- Found nav_msgs: 4.2.3 (/opt/ros/humble/share/nav_msgs/cmake)
[2.220s] -- Found ament_lint_auto: 0.12.8 (/opt/ros/humble/share/ament_lint_auto/cmake)
[2.326s] -- Added test 'flake8' to check Python code syntax and style conventions
[2.326s] -- Added test 'lint_cmake' to check CMake code style
[2.327s] -- Added test 'pep257' to check Python code against some of the docstring style conventions in PEP 257
[2.329s] -- Added test 'xmllint' to check XML markup files
[2.330s] -- Configuring done
[2.334s] -- Generating done
[2.336s] -- Build files have been written to: /home/prime/ros2_ws/build/robile_navigation
[2.344s] Invoked command in '/home/prime/ros2_ws/build/robile_navigation' returned '0': CMAKE_PREFIX_PATH=${CMAKE_PREFIX_PATH}:/home/prime/ros2_ws/install/robile_reach_goal:/home/prime/ros2_ws/install/robile_control_simple:/home/prime/ros2_ws/install/robile_bringup:/opt/ros/humble /usr/bin/cmake /home/prime/ros2_ws/src/robile_navigation -DCMAKE_INSTALL_PREFIX=/home/prime/ros2_ws/install/robile_navigation
[2.345s] Invoking command in '/home/prime/ros2_ws/build/robile_navigation': CMAKE_PREFIX_PATH=${CMAKE_PREFIX_PATH}:/home/prime/ros2_ws/install/robile_reach_goal:/home/prime/ros2_ws/install/robile_control_simple:/home/prime/ros2_ws/install/robile_bringup:/opt/ros/humble /usr/bin/cmake --build /home/prime/ros2_ws/build/robile_navigation -- -j12 -l12
[2.386s] Built target ament_cmake_python_copy_robile_navigation
[2.555s] running egg_info
[2.556s] creating robile_navigation.egg-info
[2.570s] writing robile_navigation.egg-info/PKG-INFO
[2.570s] writing dependency_links to robile_navigation.egg-info/dependency_links.txt
[2.570s] writing top-level names to robile_navigation.egg-info/top_level.txt
[2.570s] writing manifest file 'robile_navigation.egg-info/SOURCES.txt'
[2.612s] reading manifest file 'robile_navigation.egg-info/SOURCES.txt'
[2.613s] writing manifest file 'robile_navigation.egg-info/SOURCES.txt'
[2.632s] Built target ament_cmake_python_build_robile_navigation_egg
[2.642s] Invoked command in '/home/prime/ros2_ws/build/robile_navigation' returned '0': CMAKE_PREFIX_PATH=${CMAKE_PREFIX_PATH}:/home/prime/ros2_ws/install/robile_reach_goal:/home/prime/ros2_ws/install/robile_control_simple:/home/prime/ros2_ws/install/robile_bringup:/opt/ros/humble /usr/bin/cmake --build /home/prime/ros2_ws/build/robile_navigation -- -j12 -l12
[2.657s] Invoking command in '/home/prime/ros2_ws/build/robile_navigation': CMAKE_PREFIX_PATH=${CMAKE_PREFIX_PATH}:/home/prime/ros2_ws/install/robile_reach_goal:/home/prime/ros2_ws/install/robile_control_simple:/home/prime/ros2_ws/install/robile_bringup:/opt/ros/humble /usr/bin/cmake --install /home/prime/ros2_ws/build/robile_navigation
[2.663s] -- Install configuration: ""
[2.663s] -- Installing: /home/prime/ros2_ws/install/robile_navigation/share/robile_navigation/launch
[2.663s] -- Installing: /home/prime/ros2_ws/install/robile_navigation/share/robile_navigation/launch/navigation.launch.py
[2.663s] -- Installing: /home/prime/ros2_ws/install/robile_navigation/share/robile_navigation/launch/robile_nav2_bringup.launch.py
[2.663s] -- Installing: /home/prime/ros2_ws/install/robile_navigation/share/robile_navigation/launch/localization.launch.py
[2.663s] -- Installing: /home/prime/ros2_ws/install/robile_navigation/share/robile_navigation/launch/online_async.launch.py
[2.663s] -- Installing: /home/prime/ros2_ws/install/robile_navigation/share/robile_navigation/config
[2.663s] -- Installing: /home/prime/ros2_ws/install/robile_navigation/share/robile_navigation/config/nav2_params.yaml
[2.663s] -- Installing: /home/prime/ros2_ws/install/robile_navigation/share/robile_navigation/config/smacPlannerLattice.json
[2.664s] -- Installing: /home/prime/ros2_ws/install/robile_navigation/share/robile_navigation/config/mapper_params_online_async.yaml
[2.664s] -- Installing: /home/prime/ros2_ws/install/robile_navigation/share/robile_navigation/config/amcl_config.yaml
[2.664s] -- Installing: /home/prime/ros2_ws/install/robile_navigation/share/robile_navigation/config/robile_ros2_nav.rviz
[2.664s] -- Installing: /home/prime/ros2_ws/install/robile_navigation/share/robile_navigation/maps
[2.664s] -- Installing: /home/prime/ros2_ws/install/robile_navigation/share/robile_navigation/maps/map.yaml
[2.664s] -- Installing: /home/prime/ros2_ws/install/robile_navigation/share/robile_navigation/maps/map.pgm
[2.664s] -- Installing: /home/prime/ros2_ws/install/robile_navigation/share/robile_navigation/environment/pythonpath.sh
[2.664s] -- Installing: /home/prime/ros2_ws/install/robile_navigation/share/robile_navigation/environment/pythonpath.dsv
[2.665s] -- Installing: /home/prime/ros2_ws/install/robile_navigation/local/lib/python3.10/dist-packages/robile_navigation-0.0.0-py3.10.egg-info
[2.665s] -- Installing: /home/prime/ros2_ws/install/robile_navigation/local/lib/python3.10/dist-packages/robile_navigation-0.0.0-py3.10.egg-info/dependency_links.txt
[2.665s] -- Installing: /home/prime/ros2_ws/install/robile_navigation/local/lib/python3.10/dist-packages/robile_navigation-0.0.0-py3.10.egg-info/top_level.txt
[2.665s] -- Installing: /home/prime/ros2_ws/install/robile_navigation/local/lib/python3.10/dist-packages/robile_navigation-0.0.0-py3.10.egg-info/SOURCES.txt
[2.665s] -- Installing: /home/prime/ros2_ws/install/robile_navigation/local/lib/python3.10/dist-packages/robile_navigation-0.0.0-py3.10.egg-info/PKG-INFO
[2.665s] -- Installing: /home/prime/ros2_ws/install/robile_navigation/local/lib/python3.10/dist-packages/robile_navigation
[2.665s] -- Installing: /home/prime/ros2_ws/install/robile_navigation/local/lib/python3.10/dist-packages/robile_navigation/__init__.py
[2.691s] Listing '/home/prime/ros2_ws/install/robile_navigation/local/lib/python3.10/dist-packages/robile_navigation'...
[2.692s] Compiling '/home/prime/ros2_ws/install/robile_navigation/local/lib/python3.10/dist-packages/robile_navigation/__init__.py'...
[2.695s] -- Installing: /home/prime/ros2_ws/install/robile_navigation/share/ament_index/resource_index/package_run_dependencies/robile_navigation
[2.695s] -- Installing: /home/prime/ros2_ws/install/robile_navigation/share/ament_index/resource_index/parent_prefix_path/robile_navigation
[2.695s] -- Installing: /home/prime/ros2_ws/install/robile_navigation/share/robile_navigation/environment/ament_prefix_path.sh
[2.695s] -- Installing: /home/prime/ros2_ws/install/robile_navigation/share/robile_navigation/environment/ament_prefix_path.dsv
[2.695s] -- Installing: /home/prime/ros2_ws/install/robile_navigation/share/robile_navigation/environment/path.sh
[2.696s] -- Installing: /home/prime/ros2_ws/install/robile_navigation/share/robile_navigation/environment/path.dsv
[2.696s] -- Installing: /home/prime/ros2_ws/install/robile_navigation/share/robile_navigation/local_setup.bash
[2.696s] -- Installing: /home/prime/ros2_ws/install/robile_navigation/share/robile_navigation/local_setup.sh
[2.696s] -- Installing: /home/prime/ros2_ws/install/robile_navigation/share/robile_navigation/local_setup.zsh
[2.696s] -- Installing: /home/prime/ros2_ws/install/robile_navigation/share/robile_navigation/local_setup.dsv
[2.696s] -- Installing: /home/prime/ros2_ws/install/robile_navigation/share/robile_navigation/package.dsv
[2.696s] -- Installing: /home/prime/ros2_ws/install/robile_navigation/share/ament_index/resource_index/packages/robile_navigation
[2.697s] -- Installing: /home/prime/ros2_ws/install/robile_navigation/share/robile_navigation/cmake/robile_navigationConfig.cmake
[2.697s] -- Installing: /home/prime/ros2_ws/install/robile_navigation/share/robile_navigation/cmake/robile_navigationConfig-version.cmake
[2.697s] -- Installing: /home/prime/ros2_ws/install/robile_navigation/share/robile_navigation/package.xml
[2.698s] Invoked command in '/home/prime/ros2_ws/build/robile_navigation' returned '0': CMAKE_PREFIX_PATH=${CMAKE_PREFIX_PATH}:/home/prime/ros2_ws/install/robile_reach_goal:/home/prime/ros2_ws/install/robile_control_simple:/home/prime/ros2_ws/install/robile_bringup:/opt/ros/humble /usr/bin/cmake --install /home/prime/ros2_ws/build/robile_navigation
