[1.687s] Invoking command in '/home/prime/ros2_ws/src/Robile/robile_demos/robile_control_simple': PYTHONPATH=/home/prime/ros2_ws/build/robile_control_simple/prefix_override:/home/prime/ros2_ws/install/robile_control_simple/lib/python3.10/site-packages:${PYTHONPATH} /usr/bin/python3 setup.py egg_info --egg-base ../../../../build/robile_control_simple build --build-base /home/prime/ros2_ws/build/robile_control_simple/build install --record /home/prime/ros2_ws/build/robile_control_simple/install.log --single-version-externally-managed
[1.901s] running egg_info
[1.916s] writing ../../../../build/robile_control_simple/robile_control_simple.egg-info/PKG-INFO
[1.917s] writing dependency_links to ../../../../build/robile_control_simple/robile_control_simple.egg-info/dependency_links.txt
[1.917s] writing entry points to ../../../../build/robile_control_simple/robile_control_simple.egg-info/entry_points.txt
[1.917s] writing requirements to ../../../../build/robile_control_simple/robile_control_simple.egg-info/requires.txt
[1.917s] writing top-level names to ../../../../build/robile_control_simple/robile_control_simple.egg-info/top_level.txt
[1.947s] reading manifest file '../../../../build/robile_control_simple/robile_control_simple.egg-info/SOURCES.txt'
[1.947s] writing manifest file '../../../../build/robile_control_simple/robile_control_simple.egg-info/SOURCES.txt'
[1.947s] running build
[1.948s] running build_py
[1.948s] running install
[1.948s] /home/prime/.local/lib/python3.10/site-packages/setuptools/_distutils/cmd.py:66: SetuptoolsDeprecationWarning: setup.py install is deprecated.
[1.948s] !!
[1.948s] 
[1.948s]         ********************************************************************************
[1.948s]         Please avoid running ``setup.py`` directly.
[1.948s]         Instead, use pypa/build, pypa/installer or other
[1.949s]         standards-based tools.
[1.949s] 
[1.949s]         See https://blog.ganssle.io/articles/2021/10/setup-py-deprecated.html for details.
[1.949s]         ********************************************************************************
[1.949s] 
[1.949s] !!
[1.949s]   self.initialize_options()
[1.953s] running install_lib
[1.968s] running install_data
[1.983s] running install_egg_info
[1.998s] removing '/home/prime/ros2_ws/install/robile_control_simple/lib/python3.10/site-packages/robile_control_simple-0.0.0-py3.10.egg-info' (and everything under it)
[1.998s] Copying ../../../../build/robile_control_simple/robile_control_simple.egg-info to /home/prime/ros2_ws/install/robile_control_simple/lib/python3.10/site-packages/robile_control_simple-0.0.0-py3.10.egg-info
[1.999s] running install_scripts
[2.132s] Installing circular_motion_publisher script to /home/prime/ros2_ws/install/robile_control_simple/lib/robile_control_simple
[2.132s] writing list of installed files to '/home/prime/ros2_ws/build/robile_control_simple/install.log'
[2.204s] Invoked command in '/home/prime/ros2_ws/src/Robile/robile_demos/robile_control_simple' returned '0': PYTHONPATH=/home/prime/ros2_ws/build/robile_control_simple/prefix_override:/home/prime/ros2_ws/install/robile_control_simple/lib/python3.10/site-packages:${PYTHONPATH} /usr/bin/python3 setup.py egg_info --egg-base ../../../../build/robile_control_simple build --build-base /home/prime/ros2_ws/build/robile_control_simple/build install --record /home/prime/ros2_ws/build/robile_control_simple/install.log --single-version-externally-managed
