[0.813s] DEBUG:colcon:Command line arguments: ['/usr/bin/colcon', 'build']
[0.813s] DEBUG:colcon:Parsed command line arguments: Namespace(log_base=None, log_level=None, verb_name='build', build_base='build', install_base='install', merge_install=False, symlink_install=False, test_result_base=None, continue_on_error=False, executor='parallel', parallel_workers=12, event_handlers=None, ignore_user_meta=False, metas=['./colcon.meta'], base_paths=['.'], packages_ignore=None, packages_ignore_regex=None, paths=None, packages_up_to=None, packages_up_to_regex=None, packages_above=None, packages_above_and_dependencies=None, packages_above_depth=None, packages_select_by_dep=None, packages_skip_by_dep=None, packages_skip_up_to=None, packages_select_build_failed=False, packages_skip_build_finished=False, packages_select_test_failures=False, packages_skip_test_passed=False, packages_select=None, packages_skip=None, packages_select_regex=None, packages_skip_regex=None, packages_start=None, packages_end=None, allow_overriding=[], cmake_args=None, cmake_target=None, cmake_target_skip_unavailable=False, cmake_clean_cache=False, cmake_clean_first=False, cmake_force_configure=False, ament_cmake_args=None, catkin_cmake_args=None, catkin_skip_building_tests=False, verb_parser=<colcon_defaults.argument_parser.defaults.DefaultArgumentsDecorator object at 0x7f7fe7ffddb0>, verb_extension=<colcon_core.verb.build.BuildVerb object at 0x7f7fe838fdf0>, main=<bound method BuildVerb.main of <colcon_core.verb.build.BuildVerb object at 0x7f7fe838fdf0>>)
[0.857s] Level 1:colcon.colcon_core.package_discovery:discover_packages(colcon_meta) check parameters
[0.857s] Level 1:colcon.colcon_core.package_discovery:discover_packages(recursive) check parameters
[0.857s] Level 1:colcon.colcon_core.package_discovery:discover_packages(ignore) check parameters
[0.857s] Level 1:colcon.colcon_core.package_discovery:discover_packages(path) check parameters
[0.857s] Level 1:colcon.colcon_core.package_discovery:discover_packages(colcon_meta) discover
[0.857s] Level 1:colcon.colcon_core.package_discovery:discover_packages(recursive) discover
[0.858s] INFO:colcon.colcon_core.package_discovery:Crawling recursively for packages in '/home/prime/ros2_ws'
[0.858s] Level 1:colcon.colcon_core.package_identification:_identify(.) by extensions ['ignore', 'ignore_ament_install']
[0.858s] Level 1:colcon.colcon_core.package_identification:_identify(.) by extension 'ignore'
[0.858s] Level 1:colcon.colcon_core.package_identification:_identify(.) by extension 'ignore_ament_install'
[0.858s] Level 1:colcon.colcon_core.package_identification:_identify(.) by extensions ['colcon_pkg']
[0.858s] Level 1:colcon.colcon_core.package_identification:_identify(.) by extension 'colcon_pkg'
[0.858s] Level 1:colcon.colcon_core.package_identification:_identify(.) by extensions ['colcon_meta']
[0.858s] Level 1:colcon.colcon_core.package_identification:_identify(.) by extension 'colcon_meta'
[0.858s] Level 1:colcon.colcon_core.package_identification:_identify(.) by extensions ['ros']
[0.858s] Level 1:colcon.colcon_core.package_identification:_identify(.) by extension 'ros'
[0.868s] Level 1:colcon.colcon_core.package_identification:_identify(.) by extensions ['cmake', 'python']
[0.869s] Level 1:colcon.colcon_core.package_identification:_identify(.) by extension 'cmake'
[0.869s] Level 1:colcon.colcon_core.package_identification:_identify(.) by extension 'python'
[0.869s] Level 1:colcon.colcon_core.package_identification:_identify(.) by extensions ['python_setup_py']
[0.869s] Level 1:colcon.colcon_core.package_identification:_identify(.) by extension 'python_setup_py'
[0.869s] Level 1:colcon.colcon_core.package_identification:_identify(build) by extensions ['ignore', 'ignore_ament_install']
[0.869s] Level 1:colcon.colcon_core.package_identification:_identify(build) by extension 'ignore'
[0.869s] Level 1:colcon.colcon_core.package_identification:_identify(build) ignored
[0.869s] Level 1:colcon.colcon_core.package_identification:_identify(install) by extensions ['ignore', 'ignore_ament_install']
[0.869s] Level 1:colcon.colcon_core.package_identification:_identify(install) by extension 'ignore'
[0.869s] Level 1:colcon.colcon_core.package_identification:_identify(install) ignored
[0.869s] Level 1:colcon.colcon_core.package_identification:_identify(log) by extensions ['ignore', 'ignore_ament_install']
[0.869s] Level 1:colcon.colcon_core.package_identification:_identify(log) by extension 'ignore'
[0.869s] Level 1:colcon.colcon_core.package_identification:_identify(log) ignored
[0.869s] Level 1:colcon.colcon_core.package_identification:_identify(src) by extensions ['ignore', 'ignore_ament_install']
[0.869s] Level 1:colcon.colcon_core.package_identification:_identify(src) by extension 'ignore'
[0.869s] Level 1:colcon.colcon_core.package_identification:_identify(src) by extension 'ignore_ament_install'
[0.869s] Level 1:colcon.colcon_core.package_identification:_identify(src) by extensions ['colcon_pkg']
[0.869s] Level 1:colcon.colcon_core.package_identification:_identify(src) by extension 'colcon_pkg'
[0.869s] Level 1:colcon.colcon_core.package_identification:_identify(src) by extensions ['colcon_meta']
[0.869s] Level 1:colcon.colcon_core.package_identification:_identify(src) by extension 'colcon_meta'
[0.870s] Level 1:colcon.colcon_core.package_identification:_identify(src) by extensions ['ros']
[0.870s] Level 1:colcon.colcon_core.package_identification:_identify(src) by extension 'ros'
[0.870s] Level 1:colcon.colcon_core.package_identification:_identify(src) by extensions ['cmake', 'python']
[0.870s] Level 1:colcon.colcon_core.package_identification:_identify(src) by extension 'cmake'
[0.870s] Level 1:colcon.colcon_core.package_identification:_identify(src) by extension 'python'
[0.870s] Level 1:colcon.colcon_core.package_identification:_identify(src) by extensions ['python_setup_py']
[0.870s] Level 1:colcon.colcon_core.package_identification:_identify(src) by extension 'python_setup_py'
[0.870s] Level 1:colcon.colcon_core.package_identification:_identify(src/Robile) by extensions ['ignore', 'ignore_ament_install']
[0.870s] Level 1:colcon.colcon_core.package_identification:_identify(src/Robile) by extension 'ignore'
[0.870s] Level 1:colcon.colcon_core.package_identification:_identify(src/Robile) by extension 'ignore_ament_install'
[0.870s] Level 1:colcon.colcon_core.package_identification:_identify(src/Robile) by extensions ['colcon_pkg']
[0.870s] Level 1:colcon.colcon_core.package_identification:_identify(src/Robile) by extension 'colcon_pkg'
[0.870s] Level 1:colcon.colcon_core.package_identification:_identify(src/Robile) by extensions ['colcon_meta']
[0.870s] Level 1:colcon.colcon_core.package_identification:_identify(src/Robile) by extension 'colcon_meta'
[0.870s] Level 1:colcon.colcon_core.package_identification:_identify(src/Robile) by extensions ['ros']
[0.870s] Level 1:colcon.colcon_core.package_identification:_identify(src/Robile) by extension 'ros'
[0.870s] Level 1:colcon.colcon_core.package_identification:_identify(src/Robile) by extensions ['cmake', 'python']
[0.870s] Level 1:colcon.colcon_core.package_identification:_identify(src/Robile) by extension 'cmake'
[0.870s] Level 1:colcon.colcon_core.package_identification:_identify(src/Robile) by extension 'python'
[0.870s] Level 1:colcon.colcon_core.package_identification:_identify(src/Robile) by extensions ['python_setup_py']
[0.870s] Level 1:colcon.colcon_core.package_identification:_identify(src/Robile) by extension 'python_setup_py'
[0.870s] Level 1:colcon.colcon_core.package_identification:_identify(src/Robile/docs) by extensions ['ignore', 'ignore_ament_install']
[0.870s] Level 1:colcon.colcon_core.package_identification:_identify(src/Robile/docs) by extension 'ignore'
[0.870s] Level 1:colcon.colcon_core.package_identification:_identify(src/Robile/docs) ignored
[0.870s] Level 1:colcon.colcon_core.package_identification:_identify(src/Robile/robile_bringup) by extensions ['ignore', 'ignore_ament_install']
[0.871s] Level 1:colcon.colcon_core.package_identification:_identify(src/Robile/robile_bringup) by extension 'ignore'
[0.871s] Level 1:colcon.colcon_core.package_identification:_identify(src/Robile/robile_bringup) by extension 'ignore_ament_install'
[0.871s] Level 1:colcon.colcon_core.package_identification:_identify(src/Robile/robile_bringup) by extensions ['colcon_pkg']
[0.871s] Level 1:colcon.colcon_core.package_identification:_identify(src/Robile/robile_bringup) by extension 'colcon_pkg'
[0.871s] Level 1:colcon.colcon_core.package_identification:_identify(src/Robile/robile_bringup) by extensions ['colcon_meta']
[0.871s] Level 1:colcon.colcon_core.package_identification:_identify(src/Robile/robile_bringup) by extension 'colcon_meta'
[0.871s] Level 1:colcon.colcon_core.package_identification:_identify(src/Robile/robile_bringup) by extensions ['ros']
[0.871s] Level 1:colcon.colcon_core.package_identification:_identify(src/Robile/robile_bringup) by extension 'ros'
[0.873s] DEBUG:colcon.colcon_core.package_identification:Package 'src/Robile/robile_bringup' with type 'ros.ament_python' and name 'robile_bringup'
[0.873s] Level 1:colcon.colcon_core.package_identification:_identify(src/Robile/robile_demos) by extensions ['ignore', 'ignore_ament_install']
[0.873s] Level 1:colcon.colcon_core.package_identification:_identify(src/Robile/robile_demos) by extension 'ignore'
[0.873s] Level 1:colcon.colcon_core.package_identification:_identify(src/Robile/robile_demos) by extension 'ignore_ament_install'
[0.873s] Level 1:colcon.colcon_core.package_identification:_identify(src/Robile/robile_demos) by extensions ['colcon_pkg']
[0.873s] Level 1:colcon.colcon_core.package_identification:_identify(src/Robile/robile_demos) by extension 'colcon_pkg'
[0.874s] Level 1:colcon.colcon_core.package_identification:_identify(src/Robile/robile_demos) by extensions ['colcon_meta']
[0.874s] Level 1:colcon.colcon_core.package_identification:_identify(src/Robile/robile_demos) by extension 'colcon_meta'
[0.874s] Level 1:colcon.colcon_core.package_identification:_identify(src/Robile/robile_demos) by extensions ['ros']
[0.874s] Level 1:colcon.colcon_core.package_identification:_identify(src/Robile/robile_demos) by extension 'ros'
[0.874s] Level 1:colcon.colcon_core.package_identification:_identify(src/Robile/robile_demos) by extensions ['cmake', 'python']
[0.874s] Level 1:colcon.colcon_core.package_identification:_identify(src/Robile/robile_demos) by extension 'cmake'
[0.874s] Level 1:colcon.colcon_core.package_identification:_identify(src/Robile/robile_demos) by extension 'python'
[0.874s] Level 1:colcon.colcon_core.package_identification:_identify(src/Robile/robile_demos) by extensions ['python_setup_py']
[0.874s] Level 1:colcon.colcon_core.package_identification:_identify(src/Robile/robile_demos) by extension 'python_setup_py'
[0.874s] Level 1:colcon.colcon_core.package_identification:_identify(src/Robile/robile_demos/robile_control_simple) by extensions ['ignore', 'ignore_ament_install']
[0.874s] Level 1:colcon.colcon_core.package_identification:_identify(src/Robile/robile_demos/robile_control_simple) by extension 'ignore'
[0.874s] Level 1:colcon.colcon_core.package_identification:_identify(src/Robile/robile_demos/robile_control_simple) by extension 'ignore_ament_install'
[0.874s] Level 1:colcon.colcon_core.package_identification:_identify(src/Robile/robile_demos/robile_control_simple) by extensions ['colcon_pkg']
[0.874s] Level 1:colcon.colcon_core.package_identification:_identify(src/Robile/robile_demos/robile_control_simple) by extension 'colcon_pkg'
[0.874s] Level 1:colcon.colcon_core.package_identification:_identify(src/Robile/robile_demos/robile_control_simple) by extensions ['colcon_meta']
[0.874s] Level 1:colcon.colcon_core.package_identification:_identify(src/Robile/robile_demos/robile_control_simple) by extension 'colcon_meta'
[0.874s] Level 1:colcon.colcon_core.package_identification:_identify(src/Robile/robile_demos/robile_control_simple) by extensions ['ros']
[0.874s] Level 1:colcon.colcon_core.package_identification:_identify(src/Robile/robile_demos/robile_control_simple) by extension 'ros'
[0.875s] DEBUG:colcon.colcon_core.package_identification:Package 'src/Robile/robile_demos/robile_control_simple' with type 'ros.ament_python' and name 'robile_control_simple'
[0.875s] Level 1:colcon.colcon_core.package_identification:_identify(src/Robile/robile_demos/robile_reach_goal) by extensions ['ignore', 'ignore_ament_install']
[0.875s] Level 1:colcon.colcon_core.package_identification:_identify(src/Robile/robile_demos/robile_reach_goal) by extension 'ignore'
[0.875s] Level 1:colcon.colcon_core.package_identification:_identify(src/Robile/robile_demos/robile_reach_goal) by extension 'ignore_ament_install'
[0.875s] Level 1:colcon.colcon_core.package_identification:_identify(src/Robile/robile_demos/robile_reach_goal) by extensions ['colcon_pkg']
[0.875s] Level 1:colcon.colcon_core.package_identification:_identify(src/Robile/robile_demos/robile_reach_goal) by extension 'colcon_pkg'
[0.875s] Level 1:colcon.colcon_core.package_identification:_identify(src/Robile/robile_demos/robile_reach_goal) by extensions ['colcon_meta']
[0.875s] Level 1:colcon.colcon_core.package_identification:_identify(src/Robile/robile_demos/robile_reach_goal) by extension 'colcon_meta'
[0.875s] Level 1:colcon.colcon_core.package_identification:_identify(src/Robile/robile_demos/robile_reach_goal) by extensions ['ros']
[0.875s] Level 1:colcon.colcon_core.package_identification:_identify(src/Robile/robile_demos/robile_reach_goal) by extension 'ros'
[0.875s] DEBUG:colcon.colcon_core.package_identification:Package 'src/Robile/robile_demos/robile_reach_goal' with type 'ros.ament_python' and name 'robile_reach_goal'
[0.876s] Level 1:colcon.colcon_core.package_identification:_identify(src/Robile/worksheets) by extensions ['ignore', 'ignore_ament_install']
[0.876s] Level 1:colcon.colcon_core.package_identification:_identify(src/Robile/worksheets) by extension 'ignore'
[0.876s] Level 1:colcon.colcon_core.package_identification:_identify(src/Robile/worksheets) by extension 'ignore_ament_install'
[0.876s] Level 1:colcon.colcon_core.package_identification:_identify(src/Robile/worksheets) by extensions ['colcon_pkg']
[0.876s] Level 1:colcon.colcon_core.package_identification:_identify(src/Robile/worksheets) by extension 'colcon_pkg'
[0.876s] Level 1:colcon.colcon_core.package_identification:_identify(src/Robile/worksheets) by extensions ['colcon_meta']
[0.876s] Level 1:colcon.colcon_core.package_identification:_identify(src/Robile/worksheets) by extension 'colcon_meta'
[0.876s] Level 1:colcon.colcon_core.package_identification:_identify(src/Robile/worksheets) by extensions ['ros']
[0.876s] Level 1:colcon.colcon_core.package_identification:_identify(src/Robile/worksheets) by extension 'ros'
[0.876s] Level 1:colcon.colcon_core.package_identification:_identify(src/Robile/worksheets) by extensions ['cmake', 'python']
[0.876s] Level 1:colcon.colcon_core.package_identification:_identify(src/Robile/worksheets) by extension 'cmake'
[0.876s] Level 1:colcon.colcon_core.package_identification:_identify(src/Robile/worksheets) by extension 'python'
[0.876s] Level 1:colcon.colcon_core.package_identification:_identify(src/Robile/worksheets) by extensions ['python_setup_py']
[0.876s] Level 1:colcon.colcon_core.package_identification:_identify(src/Robile/worksheets) by extension 'python_setup_py'
[0.876s] Level 1:colcon.colcon_core.package_identification:_identify(src/Robile/worksheets/bitmaps) by extensions ['ignore', 'ignore_ament_install']
[0.876s] Level 1:colcon.colcon_core.package_identification:_identify(src/Robile/worksheets/bitmaps) by extension 'ignore'
[0.876s] Level 1:colcon.colcon_core.package_identification:_identify(src/Robile/worksheets/bitmaps) by extension 'ignore_ament_install'
[0.876s] Level 1:colcon.colcon_core.package_identification:_identify(src/Robile/worksheets/bitmaps) by extensions ['colcon_pkg']
[0.876s] Level 1:colcon.colcon_core.package_identification:_identify(src/Robile/worksheets/bitmaps) by extension 'colcon_pkg'
[0.876s] Level 1:colcon.colcon_core.package_identification:_identify(src/Robile/worksheets/bitmaps) by extensions ['colcon_meta']
[0.876s] Level 1:colcon.colcon_core.package_identification:_identify(src/Robile/worksheets/bitmaps) by extension 'colcon_meta'
[0.876s] Level 1:colcon.colcon_core.package_identification:_identify(src/Robile/worksheets/bitmaps) by extensions ['ros']
[0.876s] Level 1:colcon.colcon_core.package_identification:_identify(src/Robile/worksheets/bitmaps) by extension 'ros'
[0.876s] Level 1:colcon.colcon_core.package_identification:_identify(src/Robile/worksheets/bitmaps) by extensions ['cmake', 'python']
[0.877s] Level 1:colcon.colcon_core.package_identification:_identify(src/Robile/worksheets/bitmaps) by extension 'cmake'
[0.877s] Level 1:colcon.colcon_core.package_identification:_identify(src/Robile/worksheets/bitmaps) by extension 'python'
[0.877s] Level 1:colcon.colcon_core.package_identification:_identify(src/Robile/worksheets/bitmaps) by extensions ['python_setup_py']
[0.877s] Level 1:colcon.colcon_core.package_identification:_identify(src/Robile/worksheets/bitmaps) by extension 'python_setup_py'
[0.877s] Level 1:colcon.colcon_core.package_identification:_identify(src/Robile/worksheets/worksheet01) by extensions ['ignore', 'ignore_ament_install']
[0.877s] Level 1:colcon.colcon_core.package_identification:_identify(src/Robile/worksheets/worksheet01) by extension 'ignore'
[0.877s] Level 1:colcon.colcon_core.package_identification:_identify(src/Robile/worksheets/worksheet01) by extension 'ignore_ament_install'
[0.877s] Level 1:colcon.colcon_core.package_identification:_identify(src/Robile/worksheets/worksheet01) by extensions ['colcon_pkg']
[0.877s] Level 1:colcon.colcon_core.package_identification:_identify(src/Robile/worksheets/worksheet01) by extension 'colcon_pkg'
[0.877s] Level 1:colcon.colcon_core.package_identification:_identify(src/Robile/worksheets/worksheet01) by extensions ['colcon_meta']
[0.877s] Level 1:colcon.colcon_core.package_identification:_identify(src/Robile/worksheets/worksheet01) by extension 'colcon_meta'
[0.877s] Level 1:colcon.colcon_core.package_identification:_identify(src/Robile/worksheets/worksheet01) by extensions ['ros']
[0.877s] Level 1:colcon.colcon_core.package_identification:_identify(src/Robile/worksheets/worksheet01) by extension 'ros'
[0.877s] Level 1:colcon.colcon_core.package_identification:_identify(src/Robile/worksheets/worksheet01) by extensions ['cmake', 'python']
[0.877s] Level 1:colcon.colcon_core.package_identification:_identify(src/Robile/worksheets/worksheet01) by extension 'cmake'
[0.877s] Level 1:colcon.colcon_core.package_identification:_identify(src/Robile/worksheets/worksheet01) by extension 'python'
[0.877s] Level 1:colcon.colcon_core.package_identification:_identify(src/Robile/worksheets/worksheet01) by extensions ['python_setup_py']
[0.877s] Level 1:colcon.colcon_core.package_identification:_identify(src/Robile/worksheets/worksheet01) by extension 'python_setup_py'
[0.877s] Level 1:colcon.colcon_core.package_identification:_identify(src/Robile/worksheets/worksheet02) by extensions ['ignore', 'ignore_ament_install']
[0.877s] Level 1:colcon.colcon_core.package_identification:_identify(src/Robile/worksheets/worksheet02) by extension 'ignore'
[0.877s] Level 1:colcon.colcon_core.package_identification:_identify(src/Robile/worksheets/worksheet02) by extension 'ignore_ament_install'
[0.877s] Level 1:colcon.colcon_core.package_identification:_identify(src/Robile/worksheets/worksheet02) by extensions ['colcon_pkg']
[0.877s] Level 1:colcon.colcon_core.package_identification:_identify(src/Robile/worksheets/worksheet02) by extension 'colcon_pkg'
[0.877s] Level 1:colcon.colcon_core.package_identification:_identify(src/Robile/worksheets/worksheet02) by extensions ['colcon_meta']
[0.877s] Level 1:colcon.colcon_core.package_identification:_identify(src/Robile/worksheets/worksheet02) by extension 'colcon_meta'
[0.878s] Level 1:colcon.colcon_core.package_identification:_identify(src/Robile/worksheets/worksheet02) by extensions ['ros']
[0.878s] Level 1:colcon.colcon_core.package_identification:_identify(src/Robile/worksheets/worksheet02) by extension 'ros'
[0.878s] Level 1:colcon.colcon_core.package_identification:_identify(src/Robile/worksheets/worksheet02) by extensions ['cmake', 'python']
[0.878s] Level 1:colcon.colcon_core.package_identification:_identify(src/Robile/worksheets/worksheet02) by extension 'cmake'
[0.878s] Level 1:colcon.colcon_core.package_identification:_identify(src/Robile/worksheets/worksheet02) by extension 'python'
[0.878s] Level 1:colcon.colcon_core.package_identification:_identify(src/Robile/worksheets/worksheet02) by extensions ['python_setup_py']
[0.878s] Level 1:colcon.colcon_core.package_identification:_identify(src/Robile/worksheets/worksheet02) by extension 'python_setup_py'
[0.878s] Level 1:colcon.colcon_core.package_identification:_identify(src/kelo_tulip) by extensions ['ignore', 'ignore_ament_install']
[0.878s] Level 1:colcon.colcon_core.package_identification:_identify(src/kelo_tulip) by extension 'ignore'
[0.878s] Level 1:colcon.colcon_core.package_identification:_identify(src/kelo_tulip) by extension 'ignore_ament_install'
[0.878s] Level 1:colcon.colcon_core.package_identification:_identify(src/kelo_tulip) by extensions ['colcon_pkg']
[0.878s] Level 1:colcon.colcon_core.package_identification:_identify(src/kelo_tulip) by extension 'colcon_pkg'
[0.878s] Level 1:colcon.colcon_core.package_identification:_identify(src/kelo_tulip) by extensions ['colcon_meta']
[0.878s] Level 1:colcon.colcon_core.package_identification:_identify(src/kelo_tulip) by extension 'colcon_meta'
[0.878s] Level 1:colcon.colcon_core.package_identification:_identify(src/kelo_tulip) by extensions ['ros']
[0.878s] Level 1:colcon.colcon_core.package_identification:_identify(src/kelo_tulip) by extension 'ros'
[0.878s] DEBUG:colcon.colcon_core.package_identification:Package 'src/kelo_tulip' with type 'ros.ament_cmake' and name 'kelo_tulip'
[0.879s] Level 1:colcon.colcon_core.package_identification:_identify(src/py_trees_ros) by extensions ['ignore', 'ignore_ament_install']
[0.879s] Level 1:colcon.colcon_core.package_identification:_identify(src/py_trees_ros) by extension 'ignore'
[0.879s] Level 1:colcon.colcon_core.package_identification:_identify(src/py_trees_ros) by extension 'ignore_ament_install'
[0.879s] Level 1:colcon.colcon_core.package_identification:_identify(src/py_trees_ros) by extensions ['colcon_pkg']
[0.879s] Level 1:colcon.colcon_core.package_identification:_identify(src/py_trees_ros) by extension 'colcon_pkg'
[0.879s] Level 1:colcon.colcon_core.package_identification:_identify(src/py_trees_ros) by extensions ['colcon_meta']
[0.879s] Level 1:colcon.colcon_core.package_identification:_identify(src/py_trees_ros) by extension 'colcon_meta'
[0.879s] Level 1:colcon.colcon_core.package_identification:_identify(src/py_trees_ros) by extensions ['ros']
[0.879s] Level 1:colcon.colcon_core.package_identification:_identify(src/py_trees_ros) by extension 'ros'
[0.881s] DEBUG:colcon.colcon_core.package_identification:Package 'src/py_trees_ros' with type 'ros.ament_python' and name 'py_trees_ros'
[0.881s] Level 1:colcon.colcon_core.package_identification:_identify(src/robile_description) by extensions ['ignore', 'ignore_ament_install']
[0.881s] Level 1:colcon.colcon_core.package_identification:_identify(src/robile_description) by extension 'ignore'
[0.881s] Level 1:colcon.colcon_core.package_identification:_identify(src/robile_description) by extension 'ignore_ament_install'
[0.881s] Level 1:colcon.colcon_core.package_identification:_identify(src/robile_description) by extensions ['colcon_pkg']
[0.881s] Level 1:colcon.colcon_core.package_identification:_identify(src/robile_description) by extension 'colcon_pkg'
[0.881s] Level 1:colcon.colcon_core.package_identification:_identify(src/robile_description) by extensions ['colcon_meta']
[0.881s] Level 1:colcon.colcon_core.package_identification:_identify(src/robile_description) by extension 'colcon_meta'
[0.881s] Level 1:colcon.colcon_core.package_identification:_identify(src/robile_description) by extensions ['ros']
[0.881s] Level 1:colcon.colcon_core.package_identification:_identify(src/robile_description) by extension 'ros'
[0.882s] DEBUG:colcon.colcon_core.package_identification:Package 'src/robile_description' with type 'ros.ament_cmake' and name 'robile_description'
[0.882s] Level 1:colcon.colcon_core.package_identification:_identify(src/robile_gazebo) by extensions ['ignore', 'ignore_ament_install']
[0.882s] Level 1:colcon.colcon_core.package_identification:_identify(src/robile_gazebo) by extension 'ignore'
[0.882s] Level 1:colcon.colcon_core.package_identification:_identify(src/robile_gazebo) by extension 'ignore_ament_install'
[0.882s] Level 1:colcon.colcon_core.package_identification:_identify(src/robile_gazebo) by extensions ['colcon_pkg']
[0.882s] Level 1:colcon.colcon_core.package_identification:_identify(src/robile_gazebo) by extension 'colcon_pkg'
[0.882s] Level 1:colcon.colcon_core.package_identification:_identify(src/robile_gazebo) by extensions ['colcon_meta']
[0.882s] Level 1:colcon.colcon_core.package_identification:_identify(src/robile_gazebo) by extension 'colcon_meta'
[0.882s] Level 1:colcon.colcon_core.package_identification:_identify(src/robile_gazebo) by extensions ['ros']
[0.882s] Level 1:colcon.colcon_core.package_identification:_identify(src/robile_gazebo) by extension 'ros'
[0.883s] DEBUG:colcon.colcon_core.package_identification:Package 'src/robile_gazebo' with type 'ros.ament_cmake' and name 'robile_gazebo'
[0.884s] Level 1:colcon.colcon_core.package_identification:_identify(src/robile_navigation) by extensions ['ignore', 'ignore_ament_install']
[0.884s] Level 1:colcon.colcon_core.package_identification:_identify(src/robile_navigation) by extension 'ignore'
[0.884s] Level 1:colcon.colcon_core.package_identification:_identify(src/robile_navigation) by extension 'ignore_ament_install'
[0.884s] Level 1:colcon.colcon_core.package_identification:_identify(src/robile_navigation) by extensions ['colcon_pkg']
[0.884s] Level 1:colcon.colcon_core.package_identification:_identify(src/robile_navigation) by extension 'colcon_pkg'
[0.884s] Level 1:colcon.colcon_core.package_identification:_identify(src/robile_navigation) by extensions ['colcon_meta']
[0.884s] Level 1:colcon.colcon_core.package_identification:_identify(src/robile_navigation) by extension 'colcon_meta'
[0.884s] Level 1:colcon.colcon_core.package_identification:_identify(src/robile_navigation) by extensions ['ros']
[0.884s] Level 1:colcon.colcon_core.package_identification:_identify(src/robile_navigation) by extension 'ros'
[0.884s] DEBUG:colcon.colcon_core.package_identification:Package 'src/robile_navigation' with type 'ros.ament_cmake' and name 'robile_navigation'
[0.884s] Level 1:colcon.colcon_core.package_discovery:discover_packages(recursive) using defaults
[0.884s] Level 1:colcon.colcon_core.package_discovery:discover_packages(ignore) discover
[0.884s] Level 1:colcon.colcon_core.package_discovery:discover_packages(ignore) using defaults
[0.884s] Level 1:colcon.colcon_core.package_discovery:discover_packages(path) discover
[0.884s] Level 1:colcon.colcon_core.package_discovery:discover_packages(path) using defaults
[0.965s] Level 1:colcon.colcon_core.package_discovery:discover_packages(prefix_path) check parameters
[0.965s] Level 1:colcon.colcon_core.package_discovery:discover_packages(prefix_path) discover
[0.991s] DEBUG:colcon.colcon_installed_package_information.package_discovery:Found 4 installed packages in /home/prime/ros2_ws/install
[1.004s] DEBUG:colcon.colcon_installed_package_information.package_discovery:Found 346 installed packages in /opt/ros/humble
[1.005s] Level 1:colcon.colcon_core.package_discovery:discover_packages(prefix_path) using defaults
[1.078s] Level 5:colcon.colcon_core.verb:set package 'kelo_tulip' build argument 'cmake_args' from command line to 'None'
[1.078s] Level 5:colcon.colcon_core.verb:set package 'kelo_tulip' build argument 'cmake_target' from command line to 'None'
[1.078s] Level 5:colcon.colcon_core.verb:set package 'kelo_tulip' build argument 'cmake_target_skip_unavailable' from command line to 'False'
[1.078s] Level 5:colcon.colcon_core.verb:set package 'kelo_tulip' build argument 'cmake_clean_cache' from command line to 'False'
[1.078s] Level 5:colcon.colcon_core.verb:set package 'kelo_tulip' build argument 'cmake_clean_first' from command line to 'False'
[1.078s] Level 5:colcon.colcon_core.verb:set package 'kelo_tulip' build argument 'cmake_force_configure' from command line to 'False'
[1.078s] Level 5:colcon.colcon_core.verb:set package 'kelo_tulip' build argument 'ament_cmake_args' from command line to 'None'
[1.078s] Level 5:colcon.colcon_core.verb:set package 'kelo_tulip' build argument 'catkin_cmake_args' from command line to 'None'
[1.078s] Level 5:colcon.colcon_core.verb:set package 'kelo_tulip' build argument 'catkin_skip_building_tests' from command line to 'False'
[1.078s] DEBUG:colcon.colcon_core.verb:Building package 'kelo_tulip' with the following arguments: {'ament_cmake_args': None, 'build_base': '/home/prime/ros2_ws/build/kelo_tulip', 'catkin_cmake_args': None, 'catkin_skip_building_tests': False, 'cmake_args': None, 'cmake_clean_cache': False, 'cmake_clean_first': False, 'cmake_force_configure': False, 'cmake_target': None, 'cmake_target_skip_unavailable': False, 'install_base': '/home/prime/ros2_ws/install/kelo_tulip', 'merge_install': False, 'path': '/home/prime/ros2_ws/src/kelo_tulip', 'symlink_install': False, 'test_result_base': None}
[1.090s] Level 5:colcon.colcon_core.verb:set package 'py_trees_ros' build argument 'cmake_args' from command line to 'None'
[1.090s] Level 5:colcon.colcon_core.verb:set package 'py_trees_ros' build argument 'cmake_target' from command line to 'None'
[1.090s] Level 5:colcon.colcon_core.verb:set package 'py_trees_ros' build argument 'cmake_target_skip_unavailable' from command line to 'False'
[1.090s] Level 5:colcon.colcon_core.verb:set package 'py_trees_ros' build argument 'cmake_clean_cache' from command line to 'False'
[1.090s] Level 5:colcon.colcon_core.verb:set package 'py_trees_ros' build argument 'cmake_clean_first' from command line to 'False'
[1.090s] Level 5:colcon.colcon_core.verb:set package 'py_trees_ros' build argument 'cmake_force_configure' from command line to 'False'
[1.090s] Level 5:colcon.colcon_core.verb:set package 'py_trees_ros' build argument 'ament_cmake_args' from command line to 'None'
[1.090s] Level 5:colcon.colcon_core.verb:set package 'py_trees_ros' build argument 'catkin_cmake_args' from command line to 'None'
[1.090s] Level 5:colcon.colcon_core.verb:set package 'py_trees_ros' build argument 'catkin_skip_building_tests' from command line to 'False'
[1.090s] DEBUG:colcon.colcon_core.verb:Building package 'py_trees_ros' with the following arguments: {'ament_cmake_args': None, 'build_base': '/home/prime/ros2_ws/build/py_trees_ros', 'catkin_cmake_args': None, 'catkin_skip_building_tests': False, 'cmake_args': None, 'cmake_clean_cache': False, 'cmake_clean_first': False, 'cmake_force_configure': False, 'cmake_target': None, 'cmake_target_skip_unavailable': False, 'install_base': '/home/prime/ros2_ws/install/py_trees_ros', 'merge_install': False, 'path': '/home/prime/ros2_ws/src/py_trees_ros', 'symlink_install': False, 'test_result_base': None}
[1.103s] Level 5:colcon.colcon_core.verb:set package 'robile_bringup' build argument 'cmake_args' from command line to 'None'
[1.103s] Level 5:colcon.colcon_core.verb:set package 'robile_bringup' build argument 'cmake_target' from command line to 'None'
[1.103s] Level 5:colcon.colcon_core.verb:set package 'robile_bringup' build argument 'cmake_target_skip_unavailable' from command line to 'False'
[1.103s] Level 5:colcon.colcon_core.verb:set package 'robile_bringup' build argument 'cmake_clean_cache' from command line to 'False'
[1.103s] Level 5:colcon.colcon_core.verb:set package 'robile_bringup' build argument 'cmake_clean_first' from command line to 'False'
[1.103s] Level 5:colcon.colcon_core.verb:set package 'robile_bringup' build argument 'cmake_force_configure' from command line to 'False'
[1.103s] Level 5:colcon.colcon_core.verb:set package 'robile_bringup' build argument 'ament_cmake_args' from command line to 'None'
[1.103s] Level 5:colcon.colcon_core.verb:set package 'robile_bringup' build argument 'catkin_cmake_args' from command line to 'None'
[1.103s] Level 5:colcon.colcon_core.verb:set package 'robile_bringup' build argument 'catkin_skip_building_tests' from command line to 'False'
[1.103s] DEBUG:colcon.colcon_core.verb:Building package 'robile_bringup' with the following arguments: {'ament_cmake_args': None, 'build_base': '/home/prime/ros2_ws/build/robile_bringup', 'catkin_cmake_args': None, 'catkin_skip_building_tests': False, 'cmake_args': None, 'cmake_clean_cache': False, 'cmake_clean_first': False, 'cmake_force_configure': False, 'cmake_target': None, 'cmake_target_skip_unavailable': False, 'install_base': '/home/prime/ros2_ws/install/robile_bringup', 'merge_install': False, 'path': '/home/prime/ros2_ws/src/Robile/robile_bringup', 'symlink_install': False, 'test_result_base': None}
[1.115s] Level 5:colcon.colcon_core.verb:set package 'robile_control_simple' build argument 'cmake_args' from command line to 'None'
[1.115s] Level 5:colcon.colcon_core.verb:set package 'robile_control_simple' build argument 'cmake_target' from command line to 'None'
[1.115s] Level 5:colcon.colcon_core.verb:set package 'robile_control_simple' build argument 'cmake_target_skip_unavailable' from command line to 'False'
[1.115s] Level 5:colcon.colcon_core.verb:set package 'robile_control_simple' build argument 'cmake_clean_cache' from command line to 'False'
[1.115s] Level 5:colcon.colcon_core.verb:set package 'robile_control_simple' build argument 'cmake_clean_first' from command line to 'False'
[1.115s] Level 5:colcon.colcon_core.verb:set package 'robile_control_simple' build argument 'cmake_force_configure' from command line to 'False'
[1.115s] Level 5:colcon.colcon_core.verb:set package 'robile_control_simple' build argument 'ament_cmake_args' from command line to 'None'
[1.115s] Level 5:colcon.colcon_core.verb:set package 'robile_control_simple' build argument 'catkin_cmake_args' from command line to 'None'
[1.115s] Level 5:colcon.colcon_core.verb:set package 'robile_control_simple' build argument 'catkin_skip_building_tests' from command line to 'False'
[1.115s] DEBUG:colcon.colcon_core.verb:Building package 'robile_control_simple' with the following arguments: {'ament_cmake_args': None, 'build_base': '/home/prime/ros2_ws/build/robile_control_simple', 'catkin_cmake_args': None, 'catkin_skip_building_tests': False, 'cmake_args': None, 'cmake_clean_cache': False, 'cmake_clean_first': False, 'cmake_force_configure': False, 'cmake_target': None, 'cmake_target_skip_unavailable': False, 'install_base': '/home/prime/ros2_ws/install/robile_control_simple', 'merge_install': False, 'path': '/home/prime/ros2_ws/src/Robile/robile_demos/robile_control_simple', 'symlink_install': False, 'test_result_base': None}
[1.128s] Level 5:colcon.colcon_core.verb:set package 'robile_description' build argument 'cmake_args' from command line to 'None'
[1.128s] Level 5:colcon.colcon_core.verb:set package 'robile_description' build argument 'cmake_target' from command line to 'None'
[1.128s] Level 5:colcon.colcon_core.verb:set package 'robile_description' build argument 'cmake_target_skip_unavailable' from command line to 'False'
[1.128s] Level 5:colcon.colcon_core.verb:set package 'robile_description' build argument 'cmake_clean_cache' from command line to 'False'
[1.128s] Level 5:colcon.colcon_core.verb:set package 'robile_description' build argument 'cmake_clean_first' from command line to 'False'
[1.128s] Level 5:colcon.colcon_core.verb:set package 'robile_description' build argument 'cmake_force_configure' from command line to 'False'
[1.128s] Level 5:colcon.colcon_core.verb:set package 'robile_description' build argument 'ament_cmake_args' from command line to 'None'
[1.128s] Level 5:colcon.colcon_core.verb:set package 'robile_description' build argument 'catkin_cmake_args' from command line to 'None'
[1.128s] Level 5:colcon.colcon_core.verb:set package 'robile_description' build argument 'catkin_skip_building_tests' from command line to 'False'
[1.128s] DEBUG:colcon.colcon_core.verb:Building package 'robile_description' with the following arguments: {'ament_cmake_args': None, 'build_base': '/home/prime/ros2_ws/build/robile_description', 'catkin_cmake_args': None, 'catkin_skip_building_tests': False, 'cmake_args': None, 'cmake_clean_cache': False, 'cmake_clean_first': False, 'cmake_force_configure': False, 'cmake_target': None, 'cmake_target_skip_unavailable': False, 'install_base': '/home/prime/ros2_ws/install/robile_description', 'merge_install': False, 'path': '/home/prime/ros2_ws/src/robile_description', 'symlink_install': False, 'test_result_base': None}
[1.140s] Level 5:colcon.colcon_core.verb:set package 'robile_navigation' build argument 'cmake_args' from command line to 'None'
[1.140s] Level 5:colcon.colcon_core.verb:set package 'robile_navigation' build argument 'cmake_target' from command line to 'None'
[1.140s] Level 5:colcon.colcon_core.verb:set package 'robile_navigation' build argument 'cmake_target_skip_unavailable' from command line to 'False'
[1.140s] Level 5:colcon.colcon_core.verb:set package 'robile_navigation' build argument 'cmake_clean_cache' from command line to 'False'
[1.140s] Level 5:colcon.colcon_core.verb:set package 'robile_navigation' build argument 'cmake_clean_first' from command line to 'False'
[1.140s] Level 5:colcon.colcon_core.verb:set package 'robile_navigation' build argument 'cmake_force_configure' from command line to 'False'
[1.140s] Level 5:colcon.colcon_core.verb:set package 'robile_navigation' build argument 'ament_cmake_args' from command line to 'None'
[1.140s] Level 5:colcon.colcon_core.verb:set package 'robile_navigation' build argument 'catkin_cmake_args' from command line to 'None'
[1.140s] Level 5:colcon.colcon_core.verb:set package 'robile_navigation' build argument 'catkin_skip_building_tests' from command line to 'False'
[1.140s] DEBUG:colcon.colcon_core.verb:Building package 'robile_navigation' with the following arguments: {'ament_cmake_args': None, 'build_base': '/home/prime/ros2_ws/build/robile_navigation', 'catkin_cmake_args': None, 'catkin_skip_building_tests': False, 'cmake_args': None, 'cmake_clean_cache': False, 'cmake_clean_first': False, 'cmake_force_configure': False, 'cmake_target': None, 'cmake_target_skip_unavailable': False, 'install_base': '/home/prime/ros2_ws/install/robile_navigation', 'merge_install': False, 'path': '/home/prime/ros2_ws/src/robile_navigation', 'symlink_install': False, 'test_result_base': None}
[1.153s] Level 5:colcon.colcon_core.verb:set package 'robile_reach_goal' build argument 'cmake_args' from command line to 'None'
[1.153s] Level 5:colcon.colcon_core.verb:set package 'robile_reach_goal' build argument 'cmake_target' from command line to 'None'
[1.153s] Level 5:colcon.colcon_core.verb:set package 'robile_reach_goal' build argument 'cmake_target_skip_unavailable' from command line to 'False'
[1.153s] Level 5:colcon.colcon_core.verb:set package 'robile_reach_goal' build argument 'cmake_clean_cache' from command line to 'False'
[1.153s] Level 5:colcon.colcon_core.verb:set package 'robile_reach_goal' build argument 'cmake_clean_first' from command line to 'False'
[1.153s] Level 5:colcon.colcon_core.verb:set package 'robile_reach_goal' build argument 'cmake_force_configure' from command line to 'False'
[1.153s] Level 5:colcon.colcon_core.verb:set package 'robile_reach_goal' build argument 'ament_cmake_args' from command line to 'None'
[1.153s] Level 5:colcon.colcon_core.verb:set package 'robile_reach_goal' build argument 'catkin_cmake_args' from command line to 'None'
[1.153s] Level 5:colcon.colcon_core.verb:set package 'robile_reach_goal' build argument 'catkin_skip_building_tests' from command line to 'False'
[1.153s] DEBUG:colcon.colcon_core.verb:Building package 'robile_reach_goal' with the following arguments: {'ament_cmake_args': None, 'build_base': '/home/prime/ros2_ws/build/robile_reach_goal', 'catkin_cmake_args': None, 'catkin_skip_building_tests': False, 'cmake_args': None, 'cmake_clean_cache': False, 'cmake_clean_first': False, 'cmake_force_configure': False, 'cmake_target': None, 'cmake_target_skip_unavailable': False, 'install_base': '/home/prime/ros2_ws/install/robile_reach_goal', 'merge_install': False, 'path': '/home/prime/ros2_ws/src/Robile/robile_demos/robile_reach_goal', 'symlink_install': False, 'test_result_base': None}
[1.166s] Level 5:colcon.colcon_core.verb:set package 'robile_gazebo' build argument 'cmake_args' from command line to 'None'
[1.166s] Level 5:colcon.colcon_core.verb:set package 'robile_gazebo' build argument 'cmake_target' from command line to 'None'
[1.166s] Level 5:colcon.colcon_core.verb:set package 'robile_gazebo' build argument 'cmake_target_skip_unavailable' from command line to 'False'
[1.166s] Level 5:colcon.colcon_core.verb:set package 'robile_gazebo' build argument 'cmake_clean_cache' from command line to 'False'
[1.166s] Level 5:colcon.colcon_core.verb:set package 'robile_gazebo' build argument 'cmake_clean_first' from command line to 'False'
[1.166s] Level 5:colcon.colcon_core.verb:set package 'robile_gazebo' build argument 'cmake_force_configure' from command line to 'False'
[1.166s] Level 5:colcon.colcon_core.verb:set package 'robile_gazebo' build argument 'ament_cmake_args' from command line to 'None'
[1.166s] Level 5:colcon.colcon_core.verb:set package 'robile_gazebo' build argument 'catkin_cmake_args' from command line to 'None'
[1.166s] Level 5:colcon.colcon_core.verb:set package 'robile_gazebo' build argument 'catkin_skip_building_tests' from command line to 'False'
[1.166s] DEBUG:colcon.colcon_core.verb:Building package 'robile_gazebo' with the following arguments: {'ament_cmake_args': None, 'build_base': '/home/prime/ros2_ws/build/robile_gazebo', 'catkin_cmake_args': None, 'catkin_skip_building_tests': False, 'cmake_args': None, 'cmake_clean_cache': False, 'cmake_clean_first': False, 'cmake_force_configure': False, 'cmake_target': None, 'cmake_target_skip_unavailable': False, 'install_base': '/home/prime/ros2_ws/install/robile_gazebo', 'merge_install': False, 'path': '/home/prime/ros2_ws/src/robile_gazebo', 'symlink_install': False, 'test_result_base': None}
[1.179s] INFO:colcon.colcon_core.executor:Executing jobs using 'parallel' executor
[1.192s] DEBUG:colcon.colcon_parallel_executor.executor.parallel:run_until_complete
[1.192s] INFO:colcon.colcon_ros.task.ament_cmake.build:Building ROS package in '/home/prime/ros2_ws/src/robile_description' with build type 'ament_cmake'
[1.192s] INFO:colcon.colcon_cmake.task.cmake.build:Building CMake package in '/home/prime/ros2_ws/src/robile_description'
[1.207s] INFO:colcon.colcon_core.plugin_system:Skipping extension 'colcon_core.shell.bat': Not used on non-Windows systems
[1.207s] INFO:colcon.colcon_core.shell:Skip shell extension 'powershell' for command environment: Not usable outside of PowerShell
[1.208s] DEBUG:colcon.colcon_core.shell:Skip shell extension 'dsv' for command environment
[1.248s] INFO:colcon.colcon_ros.task.ament_cmake.build:Building ROS package in '/home/prime/ros2_ws/src/kelo_tulip' with build type 'ament_cmake'
[1.248s] INFO:colcon.colcon_cmake.task.cmake.build:Building CMake package in '/home/prime/ros2_ws/src/kelo_tulip'
[1.261s] INFO:colcon.colcon_core.shell:Skip shell extension 'powershell' for command environment: Not usable outside of PowerShell
[1.261s] DEBUG:colcon.colcon_core.shell:Skip shell extension 'dsv' for command environment
[1.300s] INFO:colcon.colcon_ros.task.ament_python.build:Building ROS package in '/home/prime/ros2_ws/src/py_trees_ros' with build type 'ament_python'
[1.301s] Level 1:colcon.colcon_core.shell:create_environment_hook('py_trees_ros', 'ament_prefix_path')
[1.314s] INFO:colcon.colcon_core.shell:Creating environment hook '/home/prime/ros2_ws/install/py_trees_ros/share/py_trees_ros/hook/ament_prefix_path.ps1'
[1.315s] INFO:colcon.colcon_core.shell:Creating environment descriptor '/home/prime/ros2_ws/install/py_trees_ros/share/py_trees_ros/hook/ament_prefix_path.dsv'
[1.315s] INFO:colcon.colcon_core.shell:Creating environment hook '/home/prime/ros2_ws/install/py_trees_ros/share/py_trees_ros/hook/ament_prefix_path.sh'
[1.328s] INFO:colcon.colcon_core.shell:Skip shell extension 'powershell' for command environment: Not usable outside of PowerShell
[1.328s] DEBUG:colcon.colcon_core.shell:Skip shell extension 'dsv' for command environment
[1.367s] INFO:colcon.colcon_ros.task.ament_python.build:Building ROS package in '/home/prime/ros2_ws/src/Robile/robile_bringup' with build type 'ament_python'
[1.367s] Level 1:colcon.colcon_core.shell:create_environment_hook('robile_bringup', 'ament_prefix_path')
[1.380s] INFO:colcon.colcon_core.shell:Creating environment hook '/home/prime/ros2_ws/install/robile_bringup/share/robile_bringup/hook/ament_prefix_path.ps1'
[1.380s] INFO:colcon.colcon_core.shell:Creating environment descriptor '/home/prime/ros2_ws/install/robile_bringup/share/robile_bringup/hook/ament_prefix_path.dsv'
[1.381s] INFO:colcon.colcon_core.shell:Creating environment hook '/home/prime/ros2_ws/install/robile_bringup/share/robile_bringup/hook/ament_prefix_path.sh'
[1.394s] INFO:colcon.colcon_core.shell:Skip shell extension 'powershell' for command environment: Not usable outside of PowerShell
[1.394s] DEBUG:colcon.colcon_core.shell:Skip shell extension 'dsv' for command environment
[1.433s] INFO:colcon.colcon_ros.task.ament_python.build:Building ROS package in '/home/prime/ros2_ws/src/Robile/robile_demos/robile_control_simple' with build type 'ament_python'
[1.433s] Level 1:colcon.colcon_core.shell:create_environment_hook('robile_control_simple', 'ament_prefix_path')
[1.446s] INFO:colcon.colcon_core.shell:Creating environment hook '/home/prime/ros2_ws/install/robile_control_simple/share/robile_control_simple/hook/ament_prefix_path.ps1'
[1.446s] INFO:colcon.colcon_core.shell:Creating environment descriptor '/home/prime/ros2_ws/install/robile_control_simple/share/robile_control_simple/hook/ament_prefix_path.dsv'
[1.447s] INFO:colcon.colcon_core.shell:Creating environment hook '/home/prime/ros2_ws/install/robile_control_simple/share/robile_control_simple/hook/ament_prefix_path.sh'
[1.459s] INFO:colcon.colcon_core.shell:Skip shell extension 'powershell' for command environment: Not usable outside of PowerShell
[1.460s] DEBUG:colcon.colcon_core.shell:Skip shell extension 'dsv' for command environment
[1.499s] INFO:colcon.colcon_ros.task.ament_cmake.build:Building ROS package in '/home/prime/ros2_ws/src/robile_navigation' with build type 'ament_cmake'
[1.499s] INFO:colcon.colcon_cmake.task.cmake.build:Building CMake package in '/home/prime/ros2_ws/src/robile_navigation'
[1.512s] INFO:colcon.colcon_core.shell:Skip shell extension 'powershell' for command environment: Not usable outside of PowerShell
[1.512s] DEBUG:colcon.colcon_core.shell:Skip shell extension 'dsv' for command environment
[1.552s] INFO:colcon.colcon_ros.task.ament_python.build:Building ROS package in '/home/prime/ros2_ws/src/Robile/robile_demos/robile_reach_goal' with build type 'ament_python'
[1.552s] Level 1:colcon.colcon_core.shell:create_environment_hook('robile_reach_goal', 'ament_prefix_path')
[1.565s] INFO:colcon.colcon_core.shell:Creating environment hook '/home/prime/ros2_ws/install/robile_reach_goal/share/robile_reach_goal/hook/ament_prefix_path.ps1'
[1.565s] INFO:colcon.colcon_core.shell:Creating environment descriptor '/home/prime/ros2_ws/install/robile_reach_goal/share/robile_reach_goal/hook/ament_prefix_path.dsv'
[1.566s] INFO:colcon.colcon_core.shell:Creating environment hook '/home/prime/ros2_ws/install/robile_reach_goal/share/robile_reach_goal/hook/ament_prefix_path.sh'
[1.578s] INFO:colcon.colcon_core.shell:Skip shell extension 'powershell' for command environment: Not usable outside of PowerShell
[1.578s] DEBUG:colcon.colcon_core.shell:Skip shell extension 'dsv' for command environment
[1.623s] DEBUG:colcon.colcon_core.event_handler.log_command:Invoking command in '/home/prime/ros2_ws/build/robile_description': CMAKE_PREFIX_PATH=${CMAKE_PREFIX_PATH}:/home/prime/ros2_ws/install/robile_reach_goal:/home/prime/ros2_ws/install/robile_control_simple:/home/prime/ros2_ws/install/robile_bringup:/opt/ros/humble /usr/bin/cmake --build /home/prime/ros2_ws/build/robile_description -- -j12 -l12
[1.625s] DEBUG:colcon.colcon_core.event_handler.log_command:Invoking command in '/home/prime/ros2_ws/build/kelo_tulip': CMAKE_PREFIX_PATH=${CMAKE_PREFIX_PATH}:/home/prime/ros2_ws/install/robile_reach_goal:/home/prime/ros2_ws/install/robile_control_simple:/home/prime/ros2_ws/install/robile_bringup:/opt/ros/humble /usr/bin/cmake /home/prime/ros2_ws/src/kelo_tulip -DCMAKE_INSTALL_PREFIX=/home/prime/ros2_ws/install/kelo_tulip
[1.780s] INFO:colcon.colcon_core.task.python.build:Building Python package in '/home/prime/ros2_ws/src/py_trees_ros'
[1.793s] INFO:colcon.colcon_core.shell:Skip shell extension 'powershell' for command environment: Not usable outside of PowerShell
[1.793s] DEBUG:colcon.colcon_core.shell:Skip shell extension 'dsv' for command environment
[1.984s] INFO:colcon.colcon_core.task.python.build:Building Python package in '/home/prime/ros2_ws/src/Robile/robile_bringup'
[1.997s] INFO:colcon.colcon_core.shell:Skip shell extension 'powershell' for command environment: Not usable outside of PowerShell
[1.997s] DEBUG:colcon.colcon_core.shell:Skip shell extension 'dsv' for command environment
[2.188s] INFO:colcon.colcon_core.task.python.build:Building Python package in '/home/prime/ros2_ws/src/Robile/robile_demos/robile_control_simple'
[2.201s] INFO:colcon.colcon_core.shell:Skip shell extension 'powershell' for command environment: Not usable outside of PowerShell
[2.201s] DEBUG:colcon.colcon_core.shell:Skip shell extension 'dsv' for command environment
[2.244s] DEBUG:colcon.colcon_core.event_handler.log_command:Invoking command in '/home/prime/ros2_ws/build/robile_navigation': CMAKE_PREFIX_PATH=${CMAKE_PREFIX_PATH}:/home/prime/ros2_ws/install/robile_reach_goal:/home/prime/ros2_ws/install/robile_control_simple:/home/prime/ros2_ws/install/robile_bringup:/opt/ros/humble /usr/bin/cmake /home/prime/ros2_ws/src/robile_navigation -DCMAKE_INSTALL_PREFIX=/home/prime/ros2_ws/install/robile_navigation
[2.406s] INFO:colcon.colcon_core.task.python.build:Building Python package in '/home/prime/ros2_ws/src/Robile/robile_demos/robile_reach_goal'
[2.420s] INFO:colcon.colcon_core.shell:Skip shell extension 'powershell' for command environment: Not usable outside of PowerShell
[2.420s] DEBUG:colcon.colcon_core.shell:Skip shell extension 'dsv' for command environment
[2.470s] DEBUG:colcon.colcon_core.event_handler.log_command:Invoked command in '/home/prime/ros2_ws/build/robile_description' returned '0': CMAKE_PREFIX_PATH=${CMAKE_PREFIX_PATH}:/home/prime/ros2_ws/install/robile_reach_goal:/home/prime/ros2_ws/install/robile_control_simple:/home/prime/ros2_ws/install/robile_bringup:/opt/ros/humble /usr/bin/cmake --build /home/prime/ros2_ws/build/robile_description -- -j12 -l12
[2.492s] DEBUG:colcon.colcon_core.event_handler.log_command:Invoking command in '/home/prime/ros2_ws/build/robile_description': CMAKE_PREFIX_PATH=${CMAKE_PREFIX_PATH}:/home/prime/ros2_ws/install/robile_reach_goal:/home/prime/ros2_ws/install/robile_control_simple:/home/prime/ros2_ws/install/robile_bringup:/opt/ros/humble /usr/bin/cmake --install /home/prime/ros2_ws/build/robile_description
[2.501s] Level 1:colcon.colcon_core.environment:create_environment_scripts_only(robile_description)
[2.506s] DEBUG:colcon.colcon_core.event_handler.log_command:Invoked command in '/home/prime/ros2_ws/build/robile_description' returned '0': CMAKE_PREFIX_PATH=${CMAKE_PREFIX_PATH}:/home/prime/ros2_ws/install/robile_reach_goal:/home/prime/ros2_ws/install/robile_control_simple:/home/prime/ros2_ws/install/robile_bringup:/opt/ros/humble /usr/bin/cmake --install /home/prime/ros2_ws/build/robile_description
[2.533s] Level 1:colcon.colcon_core.environment:checking '/home/prime/ros2_ws/install/robile_description' for CMake module files
[2.534s] Level 1:colcon.colcon_core.environment:checking '/home/prime/ros2_ws/install/robile_description' for CMake config files
[2.534s] Level 1:colcon.colcon_core.shell:create_environment_hook('robile_description', 'cmake_prefix_path')
[2.560s] INFO:colcon.colcon_core.shell:Creating environment hook '/home/prime/ros2_ws/install/robile_description/share/robile_description/hook/cmake_prefix_path.ps1'
[2.560s] INFO:colcon.colcon_core.shell:Creating environment descriptor '/home/prime/ros2_ws/install/robile_description/share/robile_description/hook/cmake_prefix_path.dsv'
[2.561s] INFO:colcon.colcon_core.shell:Creating environment hook '/home/prime/ros2_ws/install/robile_description/share/robile_description/hook/cmake_prefix_path.sh'
[2.561s] Level 1:colcon.colcon_core.environment:checking '/home/prime/ros2_ws/install/robile_description/bin'
[2.561s] Level 1:colcon.colcon_core.environment:checking '/home/prime/ros2_ws/install/robile_description/lib/pkgconfig/robile_description.pc'
[2.562s] Level 1:colcon.colcon_core.environment:checking '/home/prime/ros2_ws/install/robile_description/lib/python3.10/site-packages'
[2.562s] Level 1:colcon.colcon_core.environment:checking '/home/prime/ros2_ws/install/robile_description/bin'
[2.588s] INFO:colcon.colcon_core.shell:Creating package script '/home/prime/ros2_ws/install/robile_description/share/robile_description/package.ps1'
[2.589s] INFO:colcon.colcon_core.shell:Creating package descriptor '/home/prime/ros2_ws/install/robile_description/share/robile_description/package.dsv'
[2.589s] INFO:colcon.colcon_core.shell:Creating package script '/home/prime/ros2_ws/install/robile_description/share/robile_description/package.sh'
[2.590s] INFO:colcon.colcon_core.shell:Creating package script '/home/prime/ros2_ws/install/robile_description/share/robile_description/package.bash'
[2.591s] INFO:colcon.colcon_core.shell:Creating package script '/home/prime/ros2_ws/install/robile_description/share/robile_description/package.zsh'
[2.592s] Level 1:colcon.colcon_core.environment:create_file_with_runtime_dependencies(/home/prime/ros2_ws/install/robile_description/share/colcon-core/packages/robile_description)
[2.638s] Level 1:colcon.colcon_core.environment:create_environment_scripts_only(robile_description)
[2.664s] Level 1:colcon.colcon_core.environment:checking '/home/prime/ros2_ws/install/robile_description' for CMake module files
[2.665s] Level 1:colcon.colcon_core.environment:checking '/home/prime/ros2_ws/install/robile_description' for CMake config files
[2.665s] Level 1:colcon.colcon_core.shell:create_environment_hook('robile_description', 'cmake_prefix_path')
[2.691s] INFO:colcon.colcon_core.shell:Creating environment hook '/home/prime/ros2_ws/install/robile_description/share/robile_description/hook/cmake_prefix_path.ps1'
[2.692s] INFO:colcon.colcon_core.shell:Creating environment descriptor '/home/prime/ros2_ws/install/robile_description/share/robile_description/hook/cmake_prefix_path.dsv'
[2.692s] INFO:colcon.colcon_core.shell:Creating environment hook '/home/prime/ros2_ws/install/robile_description/share/robile_description/hook/cmake_prefix_path.sh'
[2.693s] Level 1:colcon.colcon_core.environment:checking '/home/prime/ros2_ws/install/robile_description/bin'
[2.693s] Level 1:colcon.colcon_core.environment:checking '/home/prime/ros2_ws/install/robile_description/lib/pkgconfig/robile_description.pc'
[2.693s] Level 1:colcon.colcon_core.environment:checking '/home/prime/ros2_ws/install/robile_description/lib/python3.10/site-packages'
[2.693s] Level 1:colcon.colcon_core.environment:checking '/home/prime/ros2_ws/install/robile_description/bin'
[2.719s] INFO:colcon.colcon_core.shell:Creating package script '/home/prime/ros2_ws/install/robile_description/share/robile_description/package.ps1'
[2.720s] INFO:colcon.colcon_core.shell:Creating package descriptor '/home/prime/ros2_ws/install/robile_description/share/robile_description/package.dsv'
[2.721s] INFO:colcon.colcon_core.shell:Creating package script '/home/prime/ros2_ws/install/robile_description/share/robile_description/package.sh'
[2.721s] INFO:colcon.colcon_core.shell:Creating package script '/home/prime/ros2_ws/install/robile_description/share/robile_description/package.bash'
[2.722s] INFO:colcon.colcon_core.shell:Creating package script '/home/prime/ros2_ws/install/robile_description/share/robile_description/package.zsh'
[2.722s] Level 1:colcon.colcon_core.environment:create_file_with_runtime_dependencies(/home/prime/ros2_ws/install/robile_description/share/colcon-core/packages/robile_description)
[2.723s] INFO:colcon.colcon_ros.task.ament_cmake.build:Building ROS package in '/home/prime/ros2_ws/src/robile_gazebo' with build type 'ament_cmake'
[2.723s] INFO:colcon.colcon_cmake.task.cmake.build:Building CMake package in '/home/prime/ros2_ws/src/robile_gazebo'
[2.765s] INFO:colcon.colcon_core.shell:Skip shell extension 'powershell' for command environment: Not usable outside of PowerShell
[2.765s] DEBUG:colcon.colcon_core.shell:Skip shell extension 'dsv' for command environment
[2.852s] DEBUG:colcon.colcon_core.event_handler.log_command:Invoking command in '/home/prime/ros2_ws/build/robile_gazebo': CMAKE_PREFIX_PATH=${CMAKE_PREFIX_PATH}:/home/prime/ros2_ws/install/robile_reach_goal:/home/prime/ros2_ws/install/robile_control_simple:/home/prime/ros2_ws/install/robile_bringup:/opt/ros/humble /usr/bin/cmake /home/prime/ros2_ws/src/robile_gazebo -DCMAKE_INSTALL_PREFIX=/home/prime/ros2_ws/install/robile_gazebo
[3.016s] DEBUG:colcon.colcon_core.event_handler.log_command:Invoking command in '/home/prime/ros2_ws/src/py_trees_ros': PYTHONPATH=/home/prime/ros2_ws/build/py_trees_ros/prefix_override:/home/prime/ros2_ws/install/py_trees_ros/lib/python3.10/site-packages:${PYTHONPATH} /usr/bin/python3 setup.py egg_info --egg-base ../../build/py_trees_ros build --build-base /home/prime/ros2_ws/build/py_trees_ros/build install --record /home/prime/ros2_ws/build/py_trees_ros/install.log --single-version-externally-managed
[3.019s] DEBUG:colcon.colcon_core.event_handler.log_command:Invoking command in '/home/prime/ros2_ws/src/Robile/robile_bringup': PYTHONPATH=/home/prime/ros2_ws/build/robile_bringup/prefix_override:/home/prime/ros2_ws/install/robile_bringup/lib/python3.10/site-packages:${PYTHONPATH} /usr/bin/python3 setup.py egg_info --egg-base ../../../build/robile_bringup build --build-base /home/prime/ros2_ws/build/robile_bringup/build install --record /home/prime/ros2_ws/build/robile_bringup/install.log --single-version-externally-managed
[3.029s] DEBUG:colcon.colcon_core.event_handler.log_command:Invoking command in '/home/prime/ros2_ws/src/Robile/robile_demos/robile_reach_goal': PYTHONPATH=/home/prime/ros2_ws/build/robile_reach_goal/prefix_override:/home/prime/ros2_ws/install/robile_reach_goal/lib/python3.10/site-packages:${PYTHONPATH} /usr/bin/python3 setup.py egg_info --egg-base ../../../../build/robile_reach_goal build --build-base /home/prime/ros2_ws/build/robile_reach_goal/build install --record /home/prime/ros2_ws/build/robile_reach_goal/install.log --single-version-externally-managed
[3.120s] DEBUG:colcon.colcon_core.event_handler.log_command:Invoking command in '/home/prime/ros2_ws/src/Robile/robile_demos/robile_control_simple': PYTHONPATH=/home/prime/ros2_ws/build/robile_control_simple/prefix_override:/home/prime/ros2_ws/install/robile_control_simple/lib/python3.10/site-packages:${PYTHONPATH} /usr/bin/python3 setup.py egg_info --egg-base ../../../../build/robile_control_simple build --build-base /home/prime/ros2_ws/build/robile_control_simple/build install --record /home/prime/ros2_ws/build/robile_control_simple/install.log --single-version-externally-managed
[3.504s] DEBUG:colcon.colcon_core.event_handler.log_command:Invoked command in '/home/prime/ros2_ws/src/Robile/robile_demos/robile_reach_goal' returned '0': PYTHONPATH=/home/prime/ros2_ws/build/robile_reach_goal/prefix_override:/home/prime/ros2_ws/install/robile_reach_goal/lib/python3.10/site-packages:${PYTHONPATH} /usr/bin/python3 setup.py egg_info --egg-base ../../../../build/robile_reach_goal build --build-base /home/prime/ros2_ws/build/robile_reach_goal/build install --record /home/prime/ros2_ws/build/robile_reach_goal/install.log --single-version-externally-managed
[3.520s] Level 1:colcon.colcon_core.environment:checking '/home/prime/ros2_ws/install/robile_reach_goal' for CMake module files
[3.520s] Level 1:colcon.colcon_core.environment:checking '/home/prime/ros2_ws/install/robile_reach_goal' for CMake config files
[3.520s] Level 1:colcon.colcon_core.environment:checking '/home/prime/ros2_ws/install/robile_reach_goal/lib'
[3.520s] Level 1:colcon.colcon_core.environment:checking '/home/prime/ros2_ws/install/robile_reach_goal/bin'
[3.521s] Level 1:colcon.colcon_core.environment:checking '/home/prime/ros2_ws/install/robile_reach_goal/lib/pkgconfig/robile_reach_goal.pc'
[3.521s] Level 1:colcon.colcon_core.environment:checking '/home/prime/ros2_ws/install/robile_reach_goal/lib/python3.10/site-packages'
[3.521s] Level 1:colcon.colcon_core.shell:create_environment_hook('robile_reach_goal', 'pythonpath')
[3.538s] INFO:colcon.colcon_core.shell:Creating environment hook '/home/prime/ros2_ws/install/robile_reach_goal/share/robile_reach_goal/hook/pythonpath.ps1'
[3.538s] INFO:colcon.colcon_core.shell:Creating environment descriptor '/home/prime/ros2_ws/install/robile_reach_goal/share/robile_reach_goal/hook/pythonpath.dsv'
[3.538s] INFO:colcon.colcon_core.shell:Creating environment hook '/home/prime/ros2_ws/install/robile_reach_goal/share/robile_reach_goal/hook/pythonpath.sh'
[3.539s] Level 1:colcon.colcon_core.environment:checking '/home/prime/ros2_ws/install/robile_reach_goal/bin'
[3.539s] Level 1:colcon.colcon_core.environment:create_environment_scripts_only(robile_reach_goal)
[3.553s] INFO:colcon.colcon_core.shell:Creating package script '/home/prime/ros2_ws/install/robile_reach_goal/share/robile_reach_goal/package.ps1'
[3.554s] INFO:colcon.colcon_core.shell:Creating package descriptor '/home/prime/ros2_ws/install/robile_reach_goal/share/robile_reach_goal/package.dsv'
[3.554s] INFO:colcon.colcon_core.shell:Creating package script '/home/prime/ros2_ws/install/robile_reach_goal/share/robile_reach_goal/package.sh'
[3.554s] INFO:colcon.colcon_core.shell:Creating package script '/home/prime/ros2_ws/install/robile_reach_goal/share/robile_reach_goal/package.bash'
[3.554s] INFO:colcon.colcon_core.shell:Creating package script '/home/prime/ros2_ws/install/robile_reach_goal/share/robile_reach_goal/package.zsh'
[3.555s] Level 1:colcon.colcon_core.environment:create_file_with_runtime_dependencies(/home/prime/ros2_ws/install/robile_reach_goal/share/colcon-core/packages/robile_reach_goal)
[3.556s] DEBUG:colcon.colcon_core.event_handler.log_command:Invoked command in '/home/prime/ros2_ws/build/kelo_tulip' returned '0': CMAKE_PREFIX_PATH=${CMAKE_PREFIX_PATH}:/home/prime/ros2_ws/install/robile_reach_goal:/home/prime/ros2_ws/install/robile_control_simple:/home/prime/ros2_ws/install/robile_bringup:/opt/ros/humble /usr/bin/cmake /home/prime/ros2_ws/src/kelo_tulip -DCMAKE_INSTALL_PREFIX=/home/prime/ros2_ws/install/kelo_tulip
[3.558s] DEBUG:colcon.colcon_core.event_handler.log_command:Invoking command in '/home/prime/ros2_ws/build/kelo_tulip': CMAKE_PREFIX_PATH=${CMAKE_PREFIX_PATH}:/home/prime/ros2_ws/install/robile_reach_goal:/home/prime/ros2_ws/install/robile_control_simple:/home/prime/ros2_ws/install/robile_bringup:/opt/ros/humble /usr/bin/cmake --build /home/prime/ros2_ws/build/kelo_tulip -- -j12 -l12
[3.558s] DEBUG:colcon.colcon_core.event_handler.log_command:Invoked command in '/home/prime/ros2_ws/src/Robile/robile_bringup' returned '0': PYTHONPATH=/home/prime/ros2_ws/build/robile_bringup/prefix_override:/home/prime/ros2_ws/install/robile_bringup/lib/python3.10/site-packages:${PYTHONPATH} /usr/bin/python3 setup.py egg_info --egg-base ../../../build/robile_bringup build --build-base /home/prime/ros2_ws/build/robile_bringup/build install --record /home/prime/ros2_ws/build/robile_bringup/install.log --single-version-externally-managed
[3.577s] Level 1:colcon.colcon_core.environment:checking '/home/prime/ros2_ws/install/robile_bringup' for CMake module files
[3.578s] Level 1:colcon.colcon_core.environment:checking '/home/prime/ros2_ws/install/robile_bringup' for CMake config files
[3.578s] Level 1:colcon.colcon_core.environment:checking '/home/prime/ros2_ws/install/robile_bringup/lib'
[3.579s] Level 1:colcon.colcon_core.environment:checking '/home/prime/ros2_ws/install/robile_bringup/bin'
[3.579s] Level 1:colcon.colcon_core.environment:checking '/home/prime/ros2_ws/install/robile_bringup/lib/pkgconfig/robile_bringup.pc'
[3.579s] Level 1:colcon.colcon_core.environment:checking '/home/prime/ros2_ws/install/robile_bringup/lib/python3.10/site-packages'
[3.579s] Level 1:colcon.colcon_core.shell:create_environment_hook('robile_bringup', 'pythonpath')
[3.604s] INFO:colcon.colcon_core.shell:Creating environment hook '/home/prime/ros2_ws/install/robile_bringup/share/robile_bringup/hook/pythonpath.ps1'
[3.604s] INFO:colcon.colcon_core.shell:Creating environment descriptor '/home/prime/ros2_ws/install/robile_bringup/share/robile_bringup/hook/pythonpath.dsv'
[3.605s] INFO:colcon.colcon_core.shell:Creating environment hook '/home/prime/ros2_ws/install/robile_bringup/share/robile_bringup/hook/pythonpath.sh'
[3.605s] Level 1:colcon.colcon_core.environment:checking '/home/prime/ros2_ws/install/robile_bringup/bin'
[3.605s] Level 1:colcon.colcon_core.environment:create_environment_scripts_only(robile_bringup)
[3.633s] INFO:colcon.colcon_core.shell:Creating package script '/home/prime/ros2_ws/install/robile_bringup/share/robile_bringup/package.ps1'
[3.633s] INFO:colcon.colcon_core.shell:Creating package descriptor '/home/prime/ros2_ws/install/robile_bringup/share/robile_bringup/package.dsv'
[3.634s] INFO:colcon.colcon_core.shell:Creating package script '/home/prime/ros2_ws/install/robile_bringup/share/robile_bringup/package.sh'
[3.634s] INFO:colcon.colcon_core.shell:Creating package script '/home/prime/ros2_ws/install/robile_bringup/share/robile_bringup/package.bash'
[3.635s] INFO:colcon.colcon_core.shell:Creating package script '/home/prime/ros2_ws/install/robile_bringup/share/robile_bringup/package.zsh'
[3.635s] Level 1:colcon.colcon_core.environment:create_file_with_runtime_dependencies(/home/prime/ros2_ws/install/robile_bringup/share/colcon-core/packages/robile_bringup)
[3.637s] DEBUG:colcon.colcon_core.event_handler.log_command:Invoked command in '/home/prime/ros2_ws/src/Robile/robile_demos/robile_control_simple' returned '0': PYTHONPATH=/home/prime/ros2_ws/build/robile_control_simple/prefix_override:/home/prime/ros2_ws/install/robile_control_simple/lib/python3.10/site-packages:${PYTHONPATH} /usr/bin/python3 setup.py egg_info --egg-base ../../../../build/robile_control_simple build --build-base /home/prime/ros2_ws/build/robile_control_simple/build install --record /home/prime/ros2_ws/build/robile_control_simple/install.log --single-version-externally-managed
[3.694s] Level 1:colcon.colcon_core.environment:checking '/home/prime/ros2_ws/install/robile_control_simple' for CMake module files
[3.694s] Level 1:colcon.colcon_core.environment:checking '/home/prime/ros2_ws/install/robile_control_simple' for CMake config files
[3.695s] Level 1:colcon.colcon_core.environment:checking '/home/prime/ros2_ws/install/robile_control_simple/lib'
[3.695s] Level 1:colcon.colcon_core.environment:checking '/home/prime/ros2_ws/install/robile_control_simple/bin'
[3.695s] Level 1:colcon.colcon_core.environment:checking '/home/prime/ros2_ws/install/robile_control_simple/lib/pkgconfig/robile_control_simple.pc'
[3.695s] Level 1:colcon.colcon_core.environment:checking '/home/prime/ros2_ws/install/robile_control_simple/lib/python3.10/site-packages'
[3.695s] Level 1:colcon.colcon_core.shell:create_environment_hook('robile_control_simple', 'pythonpath')
[3.723s] INFO:colcon.colcon_core.shell:Creating environment hook '/home/prime/ros2_ws/install/robile_control_simple/share/robile_control_simple/hook/pythonpath.ps1'
[3.723s] INFO:colcon.colcon_core.shell:Creating environment descriptor '/home/prime/ros2_ws/install/robile_control_simple/share/robile_control_simple/hook/pythonpath.dsv'
[3.724s] INFO:colcon.colcon_core.shell:Creating environment hook '/home/prime/ros2_ws/install/robile_control_simple/share/robile_control_simple/hook/pythonpath.sh'
[3.724s] Level 1:colcon.colcon_core.environment:checking '/home/prime/ros2_ws/install/robile_control_simple/bin'
[3.725s] Level 1:colcon.colcon_core.environment:create_environment_scripts_only(robile_control_simple)
[3.747s] INFO:colcon.colcon_core.shell:Creating package script '/home/prime/ros2_ws/install/robile_control_simple/share/robile_control_simple/package.ps1'
[3.748s] INFO:colcon.colcon_core.shell:Creating package descriptor '/home/prime/ros2_ws/install/robile_control_simple/share/robile_control_simple/package.dsv'
[3.748s] INFO:colcon.colcon_core.shell:Creating package script '/home/prime/ros2_ws/install/robile_control_simple/share/robile_control_simple/package.sh'
[3.748s] INFO:colcon.colcon_core.shell:Creating package script '/home/prime/ros2_ws/install/robile_control_simple/share/robile_control_simple/package.bash'
[3.749s] INFO:colcon.colcon_core.shell:Creating package script '/home/prime/ros2_ws/install/robile_control_simple/share/robile_control_simple/package.zsh'
[3.749s] Level 1:colcon.colcon_core.environment:create_file_with_runtime_dependencies(/home/prime/ros2_ws/install/robile_control_simple/share/colcon-core/packages/robile_control_simple)
[3.751s] DEBUG:colcon.colcon_core.event_handler.log_command:Invoked command in '/home/prime/ros2_ws/src/py_trees_ros' returned '0': PYTHONPATH=/home/prime/ros2_ws/build/py_trees_ros/prefix_override:/home/prime/ros2_ws/install/py_trees_ros/lib/python3.10/site-packages:${PYTHONPATH} /usr/bin/python3 setup.py egg_info --egg-base ../../build/py_trees_ros build --build-base /home/prime/ros2_ws/build/py_trees_ros/build install --record /home/prime/ros2_ws/build/py_trees_ros/install.log --single-version-externally-managed
[3.766s] Level 1:colcon.colcon_core.environment:checking '/home/prime/ros2_ws/install/py_trees_ros' for CMake module files
[3.766s] Level 1:colcon.colcon_core.environment:checking '/home/prime/ros2_ws/install/py_trees_ros' for CMake config files
[3.767s] Level 1:colcon.colcon_core.environment:checking '/home/prime/ros2_ws/install/py_trees_ros/lib'
[3.767s] Level 1:colcon.colcon_core.environment:checking '/home/prime/ros2_ws/install/py_trees_ros/bin'
[3.767s] Level 1:colcon.colcon_core.shell:create_environment_hook('py_trees_ros', 'path')
[3.783s] INFO:colcon.colcon_core.shell:Creating environment hook '/home/prime/ros2_ws/install/py_trees_ros/share/py_trees_ros/hook/path.ps1'
[3.784s] INFO:colcon.colcon_core.shell:Creating environment descriptor '/home/prime/ros2_ws/install/py_trees_ros/share/py_trees_ros/hook/path.dsv'
[3.784s] INFO:colcon.colcon_core.shell:Creating environment hook '/home/prime/ros2_ws/install/py_trees_ros/share/py_trees_ros/hook/path.sh'
[3.785s] Level 1:colcon.colcon_core.environment:checking '/home/prime/ros2_ws/install/py_trees_ros/lib/pkgconfig/py_trees_ros.pc'
[3.785s] Level 1:colcon.colcon_core.environment:checking '/home/prime/ros2_ws/install/py_trees_ros/lib/python3.10/site-packages'
[3.785s] Level 1:colcon.colcon_core.shell:create_environment_hook('py_trees_ros', 'pythonpath')
[3.801s] INFO:colcon.colcon_core.shell:Creating environment hook '/home/prime/ros2_ws/install/py_trees_ros/share/py_trees_ros/hook/pythonpath.ps1'
[3.801s] INFO:colcon.colcon_core.shell:Creating environment descriptor '/home/prime/ros2_ws/install/py_trees_ros/share/py_trees_ros/hook/pythonpath.dsv'
[3.801s] INFO:colcon.colcon_core.shell:Creating environment hook '/home/prime/ros2_ws/install/py_trees_ros/share/py_trees_ros/hook/pythonpath.sh'
[3.802s] Level 1:colcon.colcon_core.environment:checking '/home/prime/ros2_ws/install/py_trees_ros/bin'
[3.802s] Level 1:colcon.colcon_core.shell:create_environment_hook('py_trees_ros', 'pythonscriptspath')
[3.818s] INFO:colcon.colcon_core.shell:Creating environment hook '/home/prime/ros2_ws/install/py_trees_ros/share/py_trees_ros/hook/pythonscriptspath.ps1'
[3.818s] INFO:colcon.colcon_core.shell:Creating environment descriptor '/home/prime/ros2_ws/install/py_trees_ros/share/py_trees_ros/hook/pythonscriptspath.dsv'
[3.818s] INFO:colcon.colcon_core.shell:Creating environment hook '/home/prime/ros2_ws/install/py_trees_ros/share/py_trees_ros/hook/pythonscriptspath.sh'
[3.819s] Level 1:colcon.colcon_core.environment:create_environment_scripts_only(py_trees_ros)
[3.835s] INFO:colcon.colcon_core.shell:Creating package script '/home/prime/ros2_ws/install/py_trees_ros/share/py_trees_ros/package.ps1'
[3.836s] INFO:colcon.colcon_core.shell:Creating package descriptor '/home/prime/ros2_ws/install/py_trees_ros/share/py_trees_ros/package.dsv'
[3.836s] INFO:colcon.colcon_core.shell:Creating package script '/home/prime/ros2_ws/install/py_trees_ros/share/py_trees_ros/package.sh'
[3.837s] INFO:colcon.colcon_core.shell:Creating package script '/home/prime/ros2_ws/install/py_trees_ros/share/py_trees_ros/package.bash'
[3.837s] INFO:colcon.colcon_core.shell:Creating package script '/home/prime/ros2_ws/install/py_trees_ros/share/py_trees_ros/package.zsh'
[3.837s] Level 1:colcon.colcon_core.environment:create_file_with_runtime_dependencies(/home/prime/ros2_ws/install/py_trees_ros/share/colcon-core/packages/py_trees_ros)
[3.843s] DEBUG:colcon.colcon_core.event_handler.log_command:Invoked command in '/home/prime/ros2_ws/build/robile_navigation' returned '0': CMAKE_PREFIX_PATH=${CMAKE_PREFIX_PATH}:/home/prime/ros2_ws/install/robile_reach_goal:/home/prime/ros2_ws/install/robile_control_simple:/home/prime/ros2_ws/install/robile_bringup:/opt/ros/humble /usr/bin/cmake /home/prime/ros2_ws/src/robile_navigation -DCMAKE_INSTALL_PREFIX=/home/prime/ros2_ws/install/robile_navigation
[3.844s] DEBUG:colcon.colcon_core.event_handler.log_command:Invoking command in '/home/prime/ros2_ws/build/robile_navigation': CMAKE_PREFIX_PATH=${CMAKE_PREFIX_PATH}:/home/prime/ros2_ws/install/robile_reach_goal:/home/prime/ros2_ws/install/robile_control_simple:/home/prime/ros2_ws/install/robile_bringup:/opt/ros/humble /usr/bin/cmake --build /home/prime/ros2_ws/build/robile_navigation -- -j12 -l12
[4.141s] DEBUG:colcon.colcon_core.event_handler.log_command:Invoked command in '/home/prime/ros2_ws/build/robile_navigation' returned '0': CMAKE_PREFIX_PATH=${CMAKE_PREFIX_PATH}:/home/prime/ros2_ws/install/robile_reach_goal:/home/prime/ros2_ws/install/robile_control_simple:/home/prime/ros2_ws/install/robile_bringup:/opt/ros/humble /usr/bin/cmake --build /home/prime/ros2_ws/build/robile_navigation -- -j12 -l12
[4.156s] DEBUG:colcon.colcon_core.event_handler.log_command:Invoking command in '/home/prime/ros2_ws/build/robile_navigation': CMAKE_PREFIX_PATH=${CMAKE_PREFIX_PATH}:/home/prime/ros2_ws/install/robile_reach_goal:/home/prime/ros2_ws/install/robile_control_simple:/home/prime/ros2_ws/install/robile_bringup:/opt/ros/humble /usr/bin/cmake --install /home/prime/ros2_ws/build/robile_navigation
[4.197s] Level 1:colcon.colcon_core.environment:create_environment_scripts_only(robile_navigation)
[4.198s] DEBUG:colcon.colcon_core.event_handler.log_command:Invoked command in '/home/prime/ros2_ws/build/robile_navigation' returned '0': CMAKE_PREFIX_PATH=${CMAKE_PREFIX_PATH}:/home/prime/ros2_ws/install/robile_reach_goal:/home/prime/ros2_ws/install/robile_control_simple:/home/prime/ros2_ws/install/robile_bringup:/opt/ros/humble /usr/bin/cmake --install /home/prime/ros2_ws/build/robile_navigation
[4.211s] Level 1:colcon.colcon_core.environment:checking '/home/prime/ros2_ws/install/robile_navigation' for CMake module files
[4.212s] Level 1:colcon.colcon_core.environment:checking '/home/prime/ros2_ws/install/robile_navigation' for CMake config files
[4.212s] Level 1:colcon.colcon_core.shell:create_environment_hook('robile_navigation', 'cmake_prefix_path')
[4.225s] INFO:colcon.colcon_core.shell:Creating environment hook '/home/prime/ros2_ws/install/robile_navigation/share/robile_navigation/hook/cmake_prefix_path.ps1'
[4.225s] INFO:colcon.colcon_core.shell:Creating environment descriptor '/home/prime/ros2_ws/install/robile_navigation/share/robile_navigation/hook/cmake_prefix_path.dsv'
[4.226s] INFO:colcon.colcon_core.shell:Creating environment hook '/home/prime/ros2_ws/install/robile_navigation/share/robile_navigation/hook/cmake_prefix_path.sh'
[4.226s] Level 1:colcon.colcon_core.environment:checking '/home/prime/ros2_ws/install/robile_navigation/bin'
[4.226s] Level 1:colcon.colcon_core.environment:checking '/home/prime/ros2_ws/install/robile_navigation/lib/pkgconfig/robile_navigation.pc'
[4.226s] Level 1:colcon.colcon_core.environment:checking '/home/prime/ros2_ws/install/robile_navigation/lib/python3.10/site-packages'
[4.226s] Level 1:colcon.colcon_core.environment:checking '/home/prime/ros2_ws/install/robile_navigation/bin'
[4.244s] INFO:colcon.colcon_core.shell:Creating package script '/home/prime/ros2_ws/install/robile_navigation/share/robile_navigation/package.ps1'
[4.244s] INFO:colcon.colcon_core.shell:Creating package descriptor '/home/prime/ros2_ws/install/robile_navigation/share/robile_navigation/package.dsv'
[4.245s] INFO:colcon.colcon_core.shell:Creating package script '/home/prime/ros2_ws/install/robile_navigation/share/robile_navigation/package.sh'
[4.245s] INFO:colcon.colcon_core.shell:Creating package script '/home/prime/ros2_ws/install/robile_navigation/share/robile_navigation/package.bash'
[4.245s] INFO:colcon.colcon_core.shell:Creating package script '/home/prime/ros2_ws/install/robile_navigation/share/robile_navigation/package.zsh'
[4.245s] Level 1:colcon.colcon_core.environment:create_file_with_runtime_dependencies(/home/prime/ros2_ws/install/robile_navigation/share/colcon-core/packages/robile_navigation)
[4.273s] Level 1:colcon.colcon_core.environment:create_environment_scripts_only(robile_navigation)
[4.288s] Level 1:colcon.colcon_core.environment:checking '/home/prime/ros2_ws/install/robile_navigation' for CMake module files
[4.288s] Level 1:colcon.colcon_core.environment:checking '/home/prime/ros2_ws/install/robile_navigation' for CMake config files
[4.288s] Level 1:colcon.colcon_core.shell:create_environment_hook('robile_navigation', 'cmake_prefix_path')
[4.302s] INFO:colcon.colcon_core.shell:Creating environment hook '/home/prime/ros2_ws/install/robile_navigation/share/robile_navigation/hook/cmake_prefix_path.ps1'
[4.302s] INFO:colcon.colcon_core.shell:Creating environment descriptor '/home/prime/ros2_ws/install/robile_navigation/share/robile_navigation/hook/cmake_prefix_path.dsv'
[4.302s] INFO:colcon.colcon_core.shell:Creating environment hook '/home/prime/ros2_ws/install/robile_navigation/share/robile_navigation/hook/cmake_prefix_path.sh'
[4.302s] Level 1:colcon.colcon_core.environment:checking '/home/prime/ros2_ws/install/robile_navigation/bin'
[4.303s] Level 1:colcon.colcon_core.environment:checking '/home/prime/ros2_ws/install/robile_navigation/lib/pkgconfig/robile_navigation.pc'
[4.303s] Level 1:colcon.colcon_core.environment:checking '/home/prime/ros2_ws/install/robile_navigation/lib/python3.10/site-packages'
[4.303s] Level 1:colcon.colcon_core.environment:checking '/home/prime/ros2_ws/install/robile_navigation/bin'
[4.316s] INFO:colcon.colcon_core.shell:Creating package script '/home/prime/ros2_ws/install/robile_navigation/share/robile_navigation/package.ps1'
[4.316s] INFO:colcon.colcon_core.shell:Creating package descriptor '/home/prime/ros2_ws/install/robile_navigation/share/robile_navigation/package.dsv'
[4.317s] INFO:colcon.colcon_core.shell:Creating package script '/home/prime/ros2_ws/install/robile_navigation/share/robile_navigation/package.sh'
[4.317s] INFO:colcon.colcon_core.shell:Creating package script '/home/prime/ros2_ws/install/robile_navigation/share/robile_navigation/package.bash'
[4.317s] INFO:colcon.colcon_core.shell:Creating package script '/home/prime/ros2_ws/install/robile_navigation/share/robile_navigation/package.zsh'
[4.317s] Level 1:colcon.colcon_core.environment:create_file_with_runtime_dependencies(/home/prime/ros2_ws/install/robile_navigation/share/colcon-core/packages/robile_navigation)
[5.115s] DEBUG:colcon.colcon_core.event_handler.log_command:Invoked command in '/home/prime/ros2_ws/build/robile_gazebo' returned '0': CMAKE_PREFIX_PATH=${CMAKE_PREFIX_PATH}:/home/prime/ros2_ws/install/robile_reach_goal:/home/prime/ros2_ws/install/robile_control_simple:/home/prime/ros2_ws/install/robile_bringup:/opt/ros/humble /usr/bin/cmake /home/prime/ros2_ws/src/robile_gazebo -DCMAKE_INSTALL_PREFIX=/home/prime/ros2_ws/install/robile_gazebo
[5.117s] DEBUG:colcon.colcon_core.event_handler.log_command:Invoking command in '/home/prime/ros2_ws/build/robile_gazebo': CMAKE_PREFIX_PATH=${CMAKE_PREFIX_PATH}:/home/prime/ros2_ws/install/robile_reach_goal:/home/prime/ros2_ws/install/robile_control_simple:/home/prime/ros2_ws/install/robile_bringup:/opt/ros/humble /usr/bin/cmake --build /home/prime/ros2_ws/build/robile_gazebo -- -j12 -l12
[5.145s] DEBUG:colcon.colcon_core.event_handler.log_command:Invoked command in '/home/prime/ros2_ws/build/robile_gazebo' returned '0': CMAKE_PREFIX_PATH=${CMAKE_PREFIX_PATH}:/home/prime/ros2_ws/install/robile_reach_goal:/home/prime/ros2_ws/install/robile_control_simple:/home/prime/ros2_ws/install/robile_bringup:/opt/ros/humble /usr/bin/cmake --build /home/prime/ros2_ws/build/robile_gazebo -- -j12 -l12
[5.160s] DEBUG:colcon.colcon_core.event_handler.log_command:Invoking command in '/home/prime/ros2_ws/build/robile_gazebo': CMAKE_PREFIX_PATH=${CMAKE_PREFIX_PATH}:/home/prime/ros2_ws/install/robile_reach_goal:/home/prime/ros2_ws/install/robile_control_simple:/home/prime/ros2_ws/install/robile_bringup:/opt/ros/humble /usr/bin/cmake --install /home/prime/ros2_ws/build/robile_gazebo
[5.167s] Level 1:colcon.colcon_core.environment:create_environment_scripts_only(robile_gazebo)
[5.168s] DEBUG:colcon.colcon_core.event_handler.log_command:Invoked command in '/home/prime/ros2_ws/build/robile_gazebo' returned '0': CMAKE_PREFIX_PATH=${CMAKE_PREFIX_PATH}:/home/prime/ros2_ws/install/robile_reach_goal:/home/prime/ros2_ws/install/robile_control_simple:/home/prime/ros2_ws/install/robile_bringup:/opt/ros/humble /usr/bin/cmake --install /home/prime/ros2_ws/build/robile_gazebo
[5.181s] Level 1:colcon.colcon_core.environment:checking '/home/prime/ros2_ws/install/robile_gazebo' for CMake module files
[5.181s] Level 1:colcon.colcon_core.environment:checking '/home/prime/ros2_ws/install/robile_gazebo' for CMake config files
[5.181s] Level 1:colcon.colcon_core.shell:create_environment_hook('robile_gazebo', 'cmake_prefix_path')
[5.194s] INFO:colcon.colcon_core.shell:Creating environment hook '/home/prime/ros2_ws/install/robile_gazebo/share/robile_gazebo/hook/cmake_prefix_path.ps1'
[5.195s] INFO:colcon.colcon_core.shell:Creating environment descriptor '/home/prime/ros2_ws/install/robile_gazebo/share/robile_gazebo/hook/cmake_prefix_path.dsv'
[5.195s] INFO:colcon.colcon_core.shell:Creating environment hook '/home/prime/ros2_ws/install/robile_gazebo/share/robile_gazebo/hook/cmake_prefix_path.sh'
[5.195s] Level 1:colcon.colcon_core.environment:checking '/home/prime/ros2_ws/install/robile_gazebo/bin'
[5.196s] Level 1:colcon.colcon_core.environment:checking '/home/prime/ros2_ws/install/robile_gazebo/lib/pkgconfig/robile_gazebo.pc'
[5.196s] Level 1:colcon.colcon_core.environment:checking '/home/prime/ros2_ws/install/robile_gazebo/lib/python3.10/site-packages'
[5.196s] Level 1:colcon.colcon_core.environment:checking '/home/prime/ros2_ws/install/robile_gazebo/bin'
[5.209s] INFO:colcon.colcon_core.shell:Creating package script '/home/prime/ros2_ws/install/robile_gazebo/share/robile_gazebo/package.ps1'
[5.210s] INFO:colcon.colcon_core.shell:Creating package descriptor '/home/prime/ros2_ws/install/robile_gazebo/share/robile_gazebo/package.dsv'
[5.210s] INFO:colcon.colcon_core.shell:Creating package script '/home/prime/ros2_ws/install/robile_gazebo/share/robile_gazebo/package.sh'
[5.210s] INFO:colcon.colcon_core.shell:Creating package script '/home/prime/ros2_ws/install/robile_gazebo/share/robile_gazebo/package.bash'
[5.210s] INFO:colcon.colcon_core.shell:Creating package script '/home/prime/ros2_ws/install/robile_gazebo/share/robile_gazebo/package.zsh'
[5.211s] Level 1:colcon.colcon_core.environment:create_file_with_runtime_dependencies(/home/prime/ros2_ws/install/robile_gazebo/share/colcon-core/packages/robile_gazebo)
[5.238s] Level 1:colcon.colcon_core.environment:create_environment_scripts_only(robile_gazebo)
[5.251s] Level 1:colcon.colcon_core.environment:checking '/home/prime/ros2_ws/install/robile_gazebo' for CMake module files
[5.252s] Level 1:colcon.colcon_core.environment:checking '/home/prime/ros2_ws/install/robile_gazebo' for CMake config files
[5.252s] Level 1:colcon.colcon_core.shell:create_environment_hook('robile_gazebo', 'cmake_prefix_path')
[5.265s] INFO:colcon.colcon_core.shell:Creating environment hook '/home/prime/ros2_ws/install/robile_gazebo/share/robile_gazebo/hook/cmake_prefix_path.ps1'
[5.265s] INFO:colcon.colcon_core.shell:Creating environment descriptor '/home/prime/ros2_ws/install/robile_gazebo/share/robile_gazebo/hook/cmake_prefix_path.dsv'
[5.265s] INFO:colcon.colcon_core.shell:Creating environment hook '/home/prime/ros2_ws/install/robile_gazebo/share/robile_gazebo/hook/cmake_prefix_path.sh'
[5.265s] Level 1:colcon.colcon_core.environment:checking '/home/prime/ros2_ws/install/robile_gazebo/bin'
[5.265s] Level 1:colcon.colcon_core.environment:checking '/home/prime/ros2_ws/install/robile_gazebo/lib/pkgconfig/robile_gazebo.pc'
[5.266s] Level 1:colcon.colcon_core.environment:checking '/home/prime/ros2_ws/install/robile_gazebo/lib/python3.10/site-packages'
[5.266s] Level 1:colcon.colcon_core.environment:checking '/home/prime/ros2_ws/install/robile_gazebo/bin'
[5.279s] INFO:colcon.colcon_core.shell:Creating package script '/home/prime/ros2_ws/install/robile_gazebo/share/robile_gazebo/package.ps1'
[5.279s] INFO:colcon.colcon_core.shell:Creating package descriptor '/home/prime/ros2_ws/install/robile_gazebo/share/robile_gazebo/package.dsv'
[5.280s] INFO:colcon.colcon_core.shell:Creating package script '/home/prime/ros2_ws/install/robile_gazebo/share/robile_gazebo/package.sh'
[5.280s] INFO:colcon.colcon_core.shell:Creating package script '/home/prime/ros2_ws/install/robile_gazebo/share/robile_gazebo/package.bash'
[5.280s] INFO:colcon.colcon_core.shell:Creating package script '/home/prime/ros2_ws/install/robile_gazebo/share/robile_gazebo/package.zsh'
[5.280s] Level 1:colcon.colcon_core.environment:create_file_with_runtime_dependencies(/home/prime/ros2_ws/install/robile_gazebo/share/colcon-core/packages/robile_gazebo)
[26.041s] DEBUG:colcon.colcon_core.event_handler.log_command:Invoked command in '/home/prime/ros2_ws/build/kelo_tulip' returned '0': CMAKE_PREFIX_PATH=${CMAKE_PREFIX_PATH}:/home/prime/ros2_ws/install/robile_reach_goal:/home/prime/ros2_ws/install/robile_control_simple:/home/prime/ros2_ws/install/robile_bringup:/opt/ros/humble /usr/bin/cmake --build /home/prime/ros2_ws/build/kelo_tulip -- -j12 -l12
[26.064s] DEBUG:colcon.colcon_core.event_handler.log_command:Invoking command in '/home/prime/ros2_ws/build/kelo_tulip': CMAKE_PREFIX_PATH=${CMAKE_PREFIX_PATH}:/home/prime/ros2_ws/install/robile_reach_goal:/home/prime/ros2_ws/install/robile_control_simple:/home/prime/ros2_ws/install/robile_bringup:/opt/ros/humble /usr/bin/cmake --install /home/prime/ros2_ws/build/kelo_tulip
[26.087s] Level 1:colcon.colcon_core.environment:create_environment_scripts_only(kelo_tulip)
[26.087s] DEBUG:colcon.colcon_core.event_handler.log_command:Invoked command in '/home/prime/ros2_ws/build/kelo_tulip' returned '0': CMAKE_PREFIX_PATH=${CMAKE_PREFIX_PATH}:/home/prime/ros2_ws/install/robile_reach_goal:/home/prime/ros2_ws/install/robile_control_simple:/home/prime/ros2_ws/install/robile_bringup:/opt/ros/humble /usr/bin/cmake --install /home/prime/ros2_ws/build/kelo_tulip
[26.100s] Level 1:colcon.colcon_core.environment:checking '/home/prime/ros2_ws/install/kelo_tulip' for CMake module files
[26.100s] Level 1:colcon.colcon_core.environment:checking '/home/prime/ros2_ws/install/kelo_tulip' for CMake config files
[26.101s] Level 1:colcon.colcon_core.shell:create_environment_hook('kelo_tulip', 'cmake_prefix_path')
[26.113s] INFO:colcon.colcon_core.shell:Creating environment hook '/home/prime/ros2_ws/install/kelo_tulip/share/kelo_tulip/hook/cmake_prefix_path.ps1'
[26.113s] INFO:colcon.colcon_core.shell:Creating environment descriptor '/home/prime/ros2_ws/install/kelo_tulip/share/kelo_tulip/hook/cmake_prefix_path.dsv'
[26.113s] INFO:colcon.colcon_core.shell:Creating environment hook '/home/prime/ros2_ws/install/kelo_tulip/share/kelo_tulip/hook/cmake_prefix_path.sh'
[26.113s] Level 1:colcon.colcon_core.environment:checking '/home/prime/ros2_ws/install/kelo_tulip/lib'
[26.113s] Level 1:colcon.colcon_core.environment:checking '/home/prime/ros2_ws/install/kelo_tulip/bin'
[26.113s] Level 1:colcon.colcon_core.environment:checking '/home/prime/ros2_ws/install/kelo_tulip/lib/pkgconfig/kelo_tulip.pc'
[26.114s] Level 1:colcon.colcon_core.environment:checking '/home/prime/ros2_ws/install/kelo_tulip/lib/python3.10/site-packages'
[26.114s] Level 1:colcon.colcon_core.environment:checking '/home/prime/ros2_ws/install/kelo_tulip/bin'
[26.127s] INFO:colcon.colcon_core.shell:Creating package script '/home/prime/ros2_ws/install/kelo_tulip/share/kelo_tulip/package.ps1'
[26.127s] INFO:colcon.colcon_core.shell:Creating package descriptor '/home/prime/ros2_ws/install/kelo_tulip/share/kelo_tulip/package.dsv'
[26.127s] INFO:colcon.colcon_core.shell:Creating package script '/home/prime/ros2_ws/install/kelo_tulip/share/kelo_tulip/package.sh'
[26.127s] INFO:colcon.colcon_core.shell:Creating package script '/home/prime/ros2_ws/install/kelo_tulip/share/kelo_tulip/package.bash'
[26.128s] INFO:colcon.colcon_core.shell:Creating package script '/home/prime/ros2_ws/install/kelo_tulip/share/kelo_tulip/package.zsh'
[26.128s] Level 1:colcon.colcon_core.environment:create_file_with_runtime_dependencies(/home/prime/ros2_ws/install/kelo_tulip/share/colcon-core/packages/kelo_tulip)
[26.161s] Level 1:colcon.colcon_core.environment:create_environment_scripts_only(kelo_tulip)
[26.173s] Level 1:colcon.colcon_core.environment:checking '/home/prime/ros2_ws/install/kelo_tulip' for CMake module files
[26.173s] Level 1:colcon.colcon_core.environment:checking '/home/prime/ros2_ws/install/kelo_tulip' for CMake config files
[26.174s] Level 1:colcon.colcon_core.shell:create_environment_hook('kelo_tulip', 'cmake_prefix_path')
[26.186s] INFO:colcon.colcon_core.shell:Creating environment hook '/home/prime/ros2_ws/install/kelo_tulip/share/kelo_tulip/hook/cmake_prefix_path.ps1'
[26.186s] INFO:colcon.colcon_core.shell:Creating environment descriptor '/home/prime/ros2_ws/install/kelo_tulip/share/kelo_tulip/hook/cmake_prefix_path.dsv'
[26.186s] INFO:colcon.colcon_core.shell:Creating environment hook '/home/prime/ros2_ws/install/kelo_tulip/share/kelo_tulip/hook/cmake_prefix_path.sh'
[26.187s] Level 1:colcon.colcon_core.environment:checking '/home/prime/ros2_ws/install/kelo_tulip/lib'
[26.187s] Level 1:colcon.colcon_core.environment:checking '/home/prime/ros2_ws/install/kelo_tulip/bin'
[26.187s] Level 1:colcon.colcon_core.environment:checking '/home/prime/ros2_ws/install/kelo_tulip/lib/pkgconfig/kelo_tulip.pc'
[26.187s] Level 1:colcon.colcon_core.environment:checking '/home/prime/ros2_ws/install/kelo_tulip/lib/python3.10/site-packages'
[26.187s] Level 1:colcon.colcon_core.environment:checking '/home/prime/ros2_ws/install/kelo_tulip/bin'
[26.200s] INFO:colcon.colcon_core.shell:Creating package script '/home/prime/ros2_ws/install/kelo_tulip/share/kelo_tulip/package.ps1'
[26.200s] INFO:colcon.colcon_core.shell:Creating package descriptor '/home/prime/ros2_ws/install/kelo_tulip/share/kelo_tulip/package.dsv'
[26.200s] INFO:colcon.colcon_core.shell:Creating package script '/home/prime/ros2_ws/install/kelo_tulip/share/kelo_tulip/package.sh'
[26.200s] INFO:colcon.colcon_core.shell:Creating package script '/home/prime/ros2_ws/install/kelo_tulip/share/kelo_tulip/package.bash'
[26.201s] INFO:colcon.colcon_core.shell:Creating package script '/home/prime/ros2_ws/install/kelo_tulip/share/kelo_tulip/package.zsh'
[26.201s] Level 1:colcon.colcon_core.environment:create_file_with_runtime_dependencies(/home/prime/ros2_ws/install/kelo_tulip/share/colcon-core/packages/kelo_tulip)
[26.201s] DEBUG:colcon.colcon_parallel_executor.executor.parallel:closing loop
[26.201s] DEBUG:colcon.colcon_parallel_executor.executor.parallel:loop closed
[26.201s] DEBUG:colcon.colcon_parallel_executor.executor.parallel:run_until_complete finished with '0'
[26.202s] DEBUG:colcon.colcon_core.event_reactor:joining thread
[26.218s] INFO:colcon.colcon_core.plugin_system:Skipping extension 'colcon_notification.desktop_notification.terminal_notifier': Not used on non-Darwin systems
[26.218s] INFO:colcon.colcon_core.plugin_system:Skipping extension 'colcon_notification.desktop_notification.win32': Not used on non-Windows systems
[26.218s] INFO:colcon.colcon_notification.desktop_notification:Sending desktop notification using 'notify2'
[26.227s] DEBUG:colcon.colcon_core.event_reactor:joined thread
[26.241s] INFO:colcon.colcon_core.shell:Creating prefix script '/home/prime/ros2_ws/install/local_setup.ps1'
[26.242s] INFO:colcon.colcon_core.shell:Creating prefix util module '/home/prime/ros2_ws/install/_local_setup_util_ps1.py'
[26.242s] INFO:colcon.colcon_core.shell:Creating prefix chain script '/home/prime/ros2_ws/install/setup.ps1'
[26.256s] INFO:colcon.colcon_core.shell:Creating prefix script '/home/prime/ros2_ws/install/local_setup.sh'
[26.256s] INFO:colcon.colcon_core.shell:Creating prefix util module '/home/prime/ros2_ws/install/_local_setup_util_sh.py'
[26.257s] INFO:colcon.colcon_core.shell:Creating prefix chain script '/home/prime/ros2_ws/install/setup.sh'
[26.270s] INFO:colcon.colcon_core.shell:Creating prefix script '/home/prime/ros2_ws/install/local_setup.bash'
[26.271s] INFO:colcon.colcon_core.shell:Creating prefix chain script '/home/prime/ros2_ws/install/setup.bash'
[26.284s] INFO:colcon.colcon_core.shell:Creating prefix script '/home/prime/ros2_ws/install/local_setup.zsh'
[26.284s] INFO:colcon.colcon_core.shell:Creating prefix chain script '/home/prime/ros2_ws/install/setup.zsh'
