[1.716s] Invoking command in '/home/prime/ros2_ws/src/py_trees_ros': PYTHONPATH=/home/prime/ros2_ws/build/py_trees_ros/prefix_override:/home/prime/ros2_ws/install/py_trees_ros/lib/python3.10/site-packages:${PYTHONPATH} /usr/bin/python3 setup.py egg_info --egg-base ../../build/py_trees_ros build --build-base /home/prime/ros2_ws/build/py_trees_ros/build install --record /home/prime/ros2_ws/build/py_trees_ros/install.log --single-version-externally-managed
[1.934s] running egg_info
[1.935s] creating ../../build/py_trees_ros/py_trees_ros.egg-info
[1.949s] writing ../../build/py_trees_ros/py_trees_ros.egg-info/PKG-INFO
[1.950s] writing dependency_links to ../../build/py_trees_ros/py_trees_ros.egg-info/dependency_links.txt
[1.950s] writing entry points to ../../build/py_trees_ros/py_trees_ros.egg-info/entry_points.txt
[1.950s] writing top-level names to ../../build/py_trees_ros/py_trees_ros.egg-info/top_level.txt
[1.950s] writing manifest file '../../build/py_trees_ros/py_trees_ros.egg-info/SOURCES.txt'
[1.984s] reading manifest file '../../build/py_trees_ros/py_trees_ros.egg-info/SOURCES.txt'
[1.985s] adding license file 'LICENSE'
[1.987s] writing manifest file '../../build/py_trees_ros/py_trees_ros.egg-info/SOURCES.txt'
[1.987s] running build
[1.987s] running build_py
[1.987s] creating /home/prime/ros2_ws/build/py_trees_ros/build
[1.987s] creating /home/prime/ros2_ws/build/py_trees_ros/build/lib
[1.987s] creating /home/prime/ros2_ws/build/py_trees_ros/build/lib/py_trees_ros
[1.987s] copying py_trees_ros/actions.py -> /home/prime/ros2_ws/build/py_trees_ros/build/lib/py_trees_ros
[1.987s] copying py_trees_ros/transforms.py -> /home/prime/ros2_ws/build/py_trees_ros/build/lib/py_trees_ros
[1.987s] copying py_trees_ros/conversions.py -> /home/prime/ros2_ws/build/py_trees_ros/build/lib/py_trees_ros
[1.988s] copying py_trees_ros/__init__.py -> /home/prime/ros2_ws/build/py_trees_ros/build/lib/py_trees_ros
[1.988s] copying py_trees_ros/visitors.py -> /home/prime/ros2_ws/build/py_trees_ros/build/lib/py_trees_ros
[1.988s] copying py_trees_ros/blackboard.py -> /home/prime/ros2_ws/build/py_trees_ros/build/lib/py_trees_ros
[1.988s] copying py_trees_ros/battery.py -> /home/prime/ros2_ws/build/py_trees_ros/build/lib/py_trees_ros
[1.988s] copying py_trees_ros/exceptions.py -> /home/prime/ros2_ws/build/py_trees_ros/build/lib/py_trees_ros
[1.988s] copying py_trees_ros/action_clients.py -> /home/prime/ros2_ws/build/py_trees_ros/build/lib/py_trees_ros
[1.988s] copying py_trees_ros/version.py -> /home/prime/ros2_ws/build/py_trees_ros/build/lib/py_trees_ros
[1.988s] copying py_trees_ros/utilities.py -> /home/prime/ros2_ws/build/py_trees_ros/build/lib/py_trees_ros
[1.989s] copying py_trees_ros/trees.py -> /home/prime/ros2_ws/build/py_trees_ros/build/lib/py_trees_ros
[1.989s] copying py_trees_ros/publishers.py -> /home/prime/ros2_ws/build/py_trees_ros/build/lib/py_trees_ros
[1.989s] copying py_trees_ros/subscribers.py -> /home/prime/ros2_ws/build/py_trees_ros/build/lib/py_trees_ros
[1.989s] creating /home/prime/ros2_ws/build/py_trees_ros/build/lib/py_trees_ros/programs
[1.989s] copying py_trees_ros/programs/__init__.py -> /home/prime/ros2_ws/build/py_trees_ros/build/lib/py_trees_ros/programs
[1.989s] copying py_trees_ros/programs/blackboard_watcher.py -> /home/prime/ros2_ws/build/py_trees_ros/build/lib/py_trees_ros/programs
[1.989s] copying py_trees_ros/programs/multi_talker.py -> /home/prime/ros2_ws/build/py_trees_ros/build/lib/py_trees_ros/programs
[1.989s] copying py_trees_ros/programs/tree_watcher.py -> /home/prime/ros2_ws/build/py_trees_ros/build/lib/py_trees_ros/programs
[1.989s] copying py_trees_ros/programs/echo.py -> /home/prime/ros2_ws/build/py_trees_ros/build/lib/py_trees_ros/programs
[1.989s] creating /home/prime/ros2_ws/build/py_trees_ros/build/lib/py_trees_ros/mock
[1.990s] copying py_trees_ros/mock/actions.py -> /home/prime/ros2_ws/build/py_trees_ros/build/lib/py_trees_ros/mock
[1.990s] copying py_trees_ros/mock/__init__.py -> /home/prime/ros2_ws/build/py_trees_ros/build/lib/py_trees_ros/mock
[1.990s] copying py_trees_ros/mock/dock.py -> /home/prime/ros2_ws/build/py_trees_ros/build/lib/py_trees_ros/mock
[1.990s] running install
[1.990s] /home/prime/.local/lib/python3.10/site-packages/setuptools/_distutils/cmd.py:66: SetuptoolsDeprecationWarning: setup.py install is deprecated.
[1.990s] !!
[1.990s] 
[1.990s]         ********************************************************************************
[1.991s]         Please avoid running ``setup.py`` directly.
[1.991s]         Instead, use pypa/build, pypa/installer or other
[1.991s]         standards-based tools.
[1.991s] 
[1.991s]         See https://blog.ganssle.io/articles/2021/10/setup-py-deprecated.html for details.
[1.991s]         ********************************************************************************
[1.991s] 
[1.991s] !!
[1.991s]   self.initialize_options()
[1.994s] running install_lib
[2.016s] creating /home/prime/ros2_ws/install/py_trees_ros/lib/python3.10/site-packages/py_trees_ros
[2.016s] copying /home/prime/ros2_ws/build/py_trees_ros/build/lib/py_trees_ros/actions.py -> /home/prime/ros2_ws/install/py_trees_ros/lib/python3.10/site-packages/py_trees_ros
[2.016s] copying /home/prime/ros2_ws/build/py_trees_ros/build/lib/py_trees_ros/transforms.py -> /home/prime/ros2_ws/install/py_trees_ros/lib/python3.10/site-packages/py_trees_ros
[2.016s] copying /home/prime/ros2_ws/build/py_trees_ros/build/lib/py_trees_ros/conversions.py -> /home/prime/ros2_ws/install/py_trees_ros/lib/python3.10/site-packages/py_trees_ros
[2.016s] copying /home/prime/ros2_ws/build/py_trees_ros/build/lib/py_trees_ros/__init__.py -> /home/prime/ros2_ws/install/py_trees_ros/lib/python3.10/site-packages/py_trees_ros
[2.016s] creating /home/prime/ros2_ws/install/py_trees_ros/lib/python3.10/site-packages/py_trees_ros/programs
[2.016s] copying /home/prime/ros2_ws/build/py_trees_ros/build/lib/py_trees_ros/programs/__init__.py -> /home/prime/ros2_ws/install/py_trees_ros/lib/python3.10/site-packages/py_trees_ros/programs
[2.016s] copying /home/prime/ros2_ws/build/py_trees_ros/build/lib/py_trees_ros/programs/blackboard_watcher.py -> /home/prime/ros2_ws/install/py_trees_ros/lib/python3.10/site-packages/py_trees_ros/programs
[2.017s] copying /home/prime/ros2_ws/build/py_trees_ros/build/lib/py_trees_ros/programs/multi_talker.py -> /home/prime/ros2_ws/install/py_trees_ros/lib/python3.10/site-packages/py_trees_ros/programs
[2.017s] copying /home/prime/ros2_ws/build/py_trees_ros/build/lib/py_trees_ros/programs/tree_watcher.py -> /home/prime/ros2_ws/install/py_trees_ros/lib/python3.10/site-packages/py_trees_ros/programs
[2.017s] copying /home/prime/ros2_ws/build/py_trees_ros/build/lib/py_trees_ros/programs/echo.py -> /home/prime/ros2_ws/install/py_trees_ros/lib/python3.10/site-packages/py_trees_ros/programs
[2.017s] copying /home/prime/ros2_ws/build/py_trees_ros/build/lib/py_trees_ros/visitors.py -> /home/prime/ros2_ws/install/py_trees_ros/lib/python3.10/site-packages/py_trees_ros
[2.017s] copying /home/prime/ros2_ws/build/py_trees_ros/build/lib/py_trees_ros/blackboard.py -> /home/prime/ros2_ws/install/py_trees_ros/lib/python3.10/site-packages/py_trees_ros
[2.017s] copying /home/prime/ros2_ws/build/py_trees_ros/build/lib/py_trees_ros/battery.py -> /home/prime/ros2_ws/install/py_trees_ros/lib/python3.10/site-packages/py_trees_ros
[2.017s] copying /home/prime/ros2_ws/build/py_trees_ros/build/lib/py_trees_ros/exceptions.py -> /home/prime/ros2_ws/install/py_trees_ros/lib/python3.10/site-packages/py_trees_ros
[2.018s] copying /home/prime/ros2_ws/build/py_trees_ros/build/lib/py_trees_ros/action_clients.py -> /home/prime/ros2_ws/install/py_trees_ros/lib/python3.10/site-packages/py_trees_ros
[2.018s] creating /home/prime/ros2_ws/install/py_trees_ros/lib/python3.10/site-packages/py_trees_ros/mock
[2.018s] copying /home/prime/ros2_ws/build/py_trees_ros/build/lib/py_trees_ros/mock/actions.py -> /home/prime/ros2_ws/install/py_trees_ros/lib/python3.10/site-packages/py_trees_ros/mock
[2.018s] copying /home/prime/ros2_ws/build/py_trees_ros/build/lib/py_trees_ros/mock/__init__.py -> /home/prime/ros2_ws/install/py_trees_ros/lib/python3.10/site-packages/py_trees_ros/mock
[2.018s] copying /home/prime/ros2_ws/build/py_trees_ros/build/lib/py_trees_ros/mock/dock.py -> /home/prime/ros2_ws/install/py_trees_ros/lib/python3.10/site-packages/py_trees_ros/mock
[2.018s] copying /home/prime/ros2_ws/build/py_trees_ros/build/lib/py_trees_ros/version.py -> /home/prime/ros2_ws/install/py_trees_ros/lib/python3.10/site-packages/py_trees_ros
[2.018s] copying /home/prime/ros2_ws/build/py_trees_ros/build/lib/py_trees_ros/utilities.py -> /home/prime/ros2_ws/install/py_trees_ros/lib/python3.10/site-packages/py_trees_ros
[2.018s] copying /home/prime/ros2_ws/build/py_trees_ros/build/lib/py_trees_ros/trees.py -> /home/prime/ros2_ws/install/py_trees_ros/lib/python3.10/site-packages/py_trees_ros
[2.018s] copying /home/prime/ros2_ws/build/py_trees_ros/build/lib/py_trees_ros/publishers.py -> /home/prime/ros2_ws/install/py_trees_ros/lib/python3.10/site-packages/py_trees_ros
[2.019s] copying /home/prime/ros2_ws/build/py_trees_ros/build/lib/py_trees_ros/subscribers.py -> /home/prime/ros2_ws/install/py_trees_ros/lib/python3.10/site-packages/py_trees_ros
[2.019s] byte-compiling /home/prime/ros2_ws/install/py_trees_ros/lib/python3.10/site-packages/py_trees_ros/actions.py to actions.cpython-310.pyc
[2.019s] byte-compiling /home/prime/ros2_ws/install/py_trees_ros/lib/python3.10/site-packages/py_trees_ros/transforms.py to transforms.cpython-310.pyc
[2.019s] byte-compiling /home/prime/ros2_ws/install/py_trees_ros/lib/python3.10/site-packages/py_trees_ros/conversions.py to conversions.cpython-310.pyc
[2.021s] byte-compiling /home/prime/ros2_ws/install/py_trees_ros/lib/python3.10/site-packages/py_trees_ros/__init__.py to __init__.cpython-310.pyc
[2.021s] byte-compiling /home/prime/ros2_ws/install/py_trees_ros/lib/python3.10/site-packages/py_trees_ros/programs/__init__.py to __init__.cpython-310.pyc
[2.021s] byte-compiling /home/prime/ros2_ws/install/py_trees_ros/lib/python3.10/site-packages/py_trees_ros/programs/blackboard_watcher.py to blackboard_watcher.cpython-310.pyc
[2.023s] byte-compiling /home/prime/ros2_ws/install/py_trees_ros/lib/python3.10/site-packages/py_trees_ros/programs/multi_talker.py to multi_talker.cpython-310.pyc
[2.023s] byte-compiling /home/prime/ros2_ws/install/py_trees_ros/lib/python3.10/site-packages/py_trees_ros/programs/tree_watcher.py to tree_watcher.cpython-310.pyc
[2.024s] byte-compiling /home/prime/ros2_ws/install/py_trees_ros/lib/python3.10/site-packages/py_trees_ros/programs/echo.py to echo.cpython-310.pyc
[2.025s] byte-compiling /home/prime/ros2_ws/install/py_trees_ros/lib/python3.10/site-packages/py_trees_ros/visitors.py to visitors.cpython-310.pyc
[2.026s] byte-compiling /home/prime/ros2_ws/install/py_trees_ros/lib/python3.10/site-packages/py_trees_ros/blackboard.py to blackboard.cpython-310.pyc
[2.028s] byte-compiling /home/prime/ros2_ws/install/py_trees_ros/lib/python3.10/site-packages/py_trees_ros/battery.py to battery.cpython-310.pyc
[2.028s] byte-compiling /home/prime/ros2_ws/install/py_trees_ros/lib/python3.10/site-packages/py_trees_ros/exceptions.py to exceptions.cpython-310.pyc
[2.029s] byte-compiling /home/prime/ros2_ws/install/py_trees_ros/lib/python3.10/site-packages/py_trees_ros/action_clients.py to action_clients.cpython-310.pyc
[2.030s] byte-compiling /home/prime/ros2_ws/install/py_trees_ros/lib/python3.10/site-packages/py_trees_ros/mock/actions.py to actions.cpython-310.pyc
[2.031s] byte-compiling /home/prime/ros2_ws/install/py_trees_ros/lib/python3.10/site-packages/py_trees_ros/mock/__init__.py to __init__.cpython-310.pyc
[2.031s] byte-compiling /home/prime/ros2_ws/install/py_trees_ros/lib/python3.10/site-packages/py_trees_ros/mock/dock.py to dock.cpython-310.pyc
[2.031s] byte-compiling /home/prime/ros2_ws/install/py_trees_ros/lib/python3.10/site-packages/py_trees_ros/version.py to version.cpython-310.pyc
[2.032s] byte-compiling /home/prime/ros2_ws/install/py_trees_ros/lib/python3.10/site-packages/py_trees_ros/utilities.py to utilities.cpython-310.pyc
[2.033s] byte-compiling /home/prime/ros2_ws/install/py_trees_ros/lib/python3.10/site-packages/py_trees_ros/trees.py to trees.cpython-310.pyc
[2.037s] byte-compiling /home/prime/ros2_ws/install/py_trees_ros/lib/python3.10/site-packages/py_trees_ros/publishers.py to publishers.cpython-310.pyc
[2.038s] byte-compiling /home/prime/ros2_ws/install/py_trees_ros/lib/python3.10/site-packages/py_trees_ros/subscribers.py to subscribers.cpython-310.pyc
[2.039s] running install_data
[2.060s] copying package.xml -> /home/prime/ros2_ws/install/py_trees_ros/share/py_trees_ros
[2.060s] creating /home/prime/ros2_ws/install/py_trees_ros/share/ament_index
[2.060s] creating /home/prime/ros2_ws/install/py_trees_ros/share/ament_index/resource_index
[2.060s] creating /home/prime/ros2_ws/install/py_trees_ros/share/ament_index/resource_index/packages
[2.061s] copying resources/py_trees_ros -> /home/prime/ros2_ws/install/py_trees_ros/share/ament_index/resource_index/packages
[2.061s] running install_egg_info
[2.076s] Copying ../../build/py_trees_ros/py_trees_ros.egg-info to /home/prime/ros2_ws/install/py_trees_ros/lib/python3.10/site-packages/py_trees_ros-2.2.2-py3.10.egg-info
[2.076s] running install_scripts
[2.277s] Installing py-trees-blackboard-watcher script to /home/prime/ros2_ws/install/py_trees_ros/bin
[2.277s] Installing py-trees-tree-watcher script to /home/prime/ros2_ws/install/py_trees_ros/bin
[2.277s] writing list of installed files to '/home/prime/ros2_ws/build/py_trees_ros/install.log'
[2.450s] Invoked command in '/home/prime/ros2_ws/src/py_trees_ros' returned '0': PYTHONPATH=/home/prime/ros2_ws/build/py_trees_ros/prefix_override:/home/prime/ros2_ws/install/py_trees_ros/lib/python3.10/site-packages:${PYTHONPATH} /usr/bin/python3 setup.py egg_info --egg-base ../../build/py_trees_ros build --build-base /home/prime/ros2_ws/build/py_trees_ros/build install --record /home/prime/ros2_ws/build/py_trees_ros/install.log --single-version-externally-managed
