[1.242s] Invoking command in '/home/prime/ros2_ws/src/Robile/robile_demos/robile_control_simple': PYTHONPATH=/home/prime/ros2_ws/build/robile_control_simple/prefix_override:/home/prime/ros2_ws/install/robile_control_simple/lib/python3.10/site-packages:${PYTHONPATH} /usr/bin/python3 setup.py egg_info --egg-base ../../../../build/robile_control_simple build --build-base /home/prime/ros2_ws/build/robile_control_simple/build install --record /home/prime/ros2_ws/build/robile_control_simple/install.log --single-version-externally-managed
[1.421s] running egg_info
[1.422s] creating ../../../../build/robile_control_simple/robile_control_simple.egg-info
[1.435s] writing ../../../../build/robile_control_simple/robile_control_simple.egg-info/PKG-INFO
[1.435s] writing dependency_links to ../../../../build/robile_control_simple/robile_control_simple.egg-info/dependency_links.txt
[1.435s] writing entry points to ../../../../build/robile_control_simple/robile_control_simple.egg-info/entry_points.txt
[1.435s] writing requirements to ../../../../build/robile_control_simple/robile_control_simple.egg-info/requires.txt
[1.436s] writing top-level names to ../../../../build/robile_control_simple/robile_control_simple.egg-info/top_level.txt
[1.436s] writing manifest file '../../../../build/robile_control_simple/robile_control_simple.egg-info/SOURCES.txt'
[1.463s] reading manifest file '../../../../build/robile_control_simple/robile_control_simple.egg-info/SOURCES.txt'
[1.463s] writing manifest file '../../../../build/robile_control_simple/robile_control_simple.egg-info/SOURCES.txt'
[1.463s] running build
[1.464s] running build_py
[1.464s] creating /home/prime/ros2_ws/build/robile_control_simple/build
[1.464s] creating /home/prime/ros2_ws/build/robile_control_simple/build/lib
[1.464s] creating /home/prime/ros2_ws/build/robile_control_simple/build/lib/robile_control_simple
[1.464s] copying robile_control_simple/__init__.py -> /home/prime/ros2_ws/build/robile_control_simple/build/lib/robile_control_simple
[1.464s] copying robile_control_simple/robile_control_simple.py -> /home/prime/ros2_ws/build/robile_control_simple/build/lib/robile_control_simple
[1.464s] running install
[1.464s] /home/prime/.local/lib/python3.10/site-packages/setuptools/_distutils/cmd.py:66: SetuptoolsDeprecationWarning: setup.py install is deprecated.
[1.464s] !!
[1.464s] 
[1.464s]         ********************************************************************************
[1.464s]         Please avoid running ``setup.py`` directly.
[1.464s]         Instead, use pypa/build, pypa/installer or other
[1.464s]         standards-based tools.
[1.464s] 
[1.465s]         See https://blog.ganssle.io/articles/2021/10/setup-py-deprecated.html for details.
[1.465s]         ********************************************************************************
[1.465s] 
[1.465s] !!
[1.465s]   self.initialize_options()
[1.468s] running install_lib
[1.483s] creating /home/prime/ros2_ws/install/robile_control_simple/lib/python3.10/site-packages/robile_control_simple
[1.483s] copying /home/prime/ros2_ws/build/robile_control_simple/build/lib/robile_control_simple/__init__.py -> /home/prime/ros2_ws/install/robile_control_simple/lib/python3.10/site-packages/robile_control_simple
[1.483s] copying /home/prime/ros2_ws/build/robile_control_simple/build/lib/robile_control_simple/robile_control_simple.py -> /home/prime/ros2_ws/install/robile_control_simple/lib/python3.10/site-packages/robile_control_simple
[1.483s] byte-compiling /home/prime/ros2_ws/install/robile_control_simple/lib/python3.10/site-packages/robile_control_simple/__init__.py to __init__.cpython-310.pyc
[1.483s] byte-compiling /home/prime/ros2_ws/install/robile_control_simple/lib/python3.10/site-packages/robile_control_simple/robile_control_simple.py to robile_control_simple.cpython-310.pyc
[1.484s] running install_data
[1.497s] creating /home/prime/ros2_ws/install/robile_control_simple/share/ament_index
[1.497s] creating /home/prime/ros2_ws/install/robile_control_simple/share/ament_index/resource_index
[1.497s] creating /home/prime/ros2_ws/install/robile_control_simple/share/ament_index/resource_index/packages
[1.498s] copying resource/robile_control_simple -> /home/prime/ros2_ws/install/robile_control_simple/share/ament_index/resource_index/packages
[1.498s] copying package.xml -> /home/prime/ros2_ws/install/robile_control_simple/share/robile_control_simple
[1.498s] running install_egg_info
[1.515s] Copying ../../../../build/robile_control_simple/robile_control_simple.egg-info to /home/prime/ros2_ws/install/robile_control_simple/lib/python3.10/site-packages/robile_control_simple-0.0.0-py3.10.egg-info
[1.516s] running install_scripts
[1.653s] Installing circular_motion_publisher script to /home/prime/ros2_ws/install/robile_control_simple/lib/robile_control_simple
[1.653s] writing list of installed files to '/home/prime/ros2_ws/build/robile_control_simple/install.log'
[1.726s] Invoked command in '/home/prime/ros2_ws/src/Robile/robile_demos/robile_control_simple' returned '0': PYTHONPATH=/home/prime/ros2_ws/build/robile_control_simple/prefix_override:/home/prime/ros2_ws/install/robile_control_simple/lib/python3.10/site-packages:${PYTHONPATH} /usr/bin/python3 setup.py egg_info --egg-base ../../../../build/robile_control_simple build --build-base /home/prime/ros2_ws/build/robile_control_simple/build install --record /home/prime/ros2_ws/build/robile_control_simple/install.log --single-version-externally-managed
