running egg_info
creating ../../../../build/robile_reach_goal/robile_reach_goal.egg-info
writing ../../../../build/robile_reach_goal/robile_reach_goal.egg-info/PKG-INFO
writing dependency_links to ../../../../build/robile_reach_goal/robile_reach_goal.egg-info/dependency_links.txt
writing entry points to ../../../../build/robile_reach_goal/robile_reach_goal.egg-info/entry_points.txt
writing requirements to ../../../../build/robile_reach_goal/robile_reach_goal.egg-info/requires.txt
writing top-level names to ../../../../build/robile_reach_goal/robile_reach_goal.egg-info/top_level.txt
writing manifest file '../../../../build/robile_reach_goal/robile_reach_goal.egg-info/SOURCES.txt'
reading manifest file '../../../../build/robile_reach_goal/robile_reach_goal.egg-info/SOURCES.txt'
writing manifest file '../../../../build/robile_reach_goal/robile_reach_goal.egg-info/SOURCES.txt'
running build
running build_py
creating /home/prime/ros2_ws/build/robile_reach_goal/build
creating /home/prime/ros2_ws/build/robile_reach_goal/build/lib
creating /home/prime/ros2_ws/build/robile_reach_goal/build/lib/robile_reach_goal
copying robile_reach_goal/robile_reach_goal.py -> /home/prime/ros2_ws/build/robile_reach_goal/build/lib/robile_reach_goal
copying robile_reach_goal/__init__.py -> /home/prime/ros2_ws/build/robile_reach_goal/build/lib/robile_reach_goal
running install
/home/prime/.local/lib/python3.10/site-packages/setuptools/_distutils/cmd.py:66: SetuptoolsDeprecationWarning: setup.py install is deprecated.
!!

        ********************************************************************************
        Please avoid running ``setup.py`` directly.
        Instead, use pypa/build, pypa/installer or other
        standards-based tools.

        See https://blog.ganssle.io/articles/2021/10/setup-py-deprecated.html for details.
        ********************************************************************************

!!
  self.initialize_options()
running install_lib
creating /home/prime/ros2_ws/install/robile_reach_goal/lib/python3.10/site-packages/robile_reach_goal
copying /home/prime/ros2_ws/build/robile_reach_goal/build/lib/robile_reach_goal/robile_reach_goal.py -> /home/prime/ros2_ws/install/robile_reach_goal/lib/python3.10/site-packages/robile_reach_goal
copying /home/prime/ros2_ws/build/robile_reach_goal/build/lib/robile_reach_goal/__init__.py -> /home/prime/ros2_ws/install/robile_reach_goal/lib/python3.10/site-packages/robile_reach_goal
byte-compiling /home/prime/ros2_ws/install/robile_reach_goal/lib/python3.10/site-packages/robile_reach_goal/robile_reach_goal.py to robile_reach_goal.cpython-310.pyc
byte-compiling /home/prime/ros2_ws/install/robile_reach_goal/lib/python3.10/site-packages/robile_reach_goal/__init__.py to __init__.cpython-310.pyc
running install_data
creating /home/prime/ros2_ws/install/robile_reach_goal/share/ament_index
creating /home/prime/ros2_ws/install/robile_reach_goal/share/ament_index/resource_index
creating /home/prime/ros2_ws/install/robile_reach_goal/share/ament_index/resource_index/packages
copying resource/robile_reach_goal -> /home/prime/ros2_ws/install/robile_reach_goal/share/ament_index/resource_index/packages
copying package.xml -> /home/prime/ros2_ws/install/robile_reach_goal/share/robile_reach_goal
running install_egg_info
Copying ../../../../build/robile_reach_goal/robile_reach_goal.egg-info to /home/prime/ros2_ws/install/robile_reach_goal/lib/python3.10/site-packages/robile_reach_goal-0.0.0-py3.10.egg-info
running install_scripts
Installing robile_reach_goal script to /home/prime/ros2_ws/install/robile_reach_goal/lib/robile_reach_goal
writing list of installed files to '/home/prime/ros2_ws/build/robile_reach_goal/install.log'
