[1.143s] Invoking command in '/home/prime/ros2_ws/src/Robile/robile_demos/robile_reach_goal': PYTHONPATH=/home/prime/ros2_ws/build/robile_reach_goal/prefix_override:/home/prime/ros2_ws/install/robile_reach_goal/lib/python3.10/site-packages:${PYTHONPATH} /usr/bin/python3 setup.py egg_info --egg-base ../../../../build/robile_reach_goal build --build-base /home/prime/ros2_ws/build/robile_reach_goal/build install --record /home/prime/ros2_ws/build/robile_reach_goal/install.log --single-version-externally-managed
[1.328s] running egg_info
[1.328s] creating ../../../../build/robile_reach_goal/robile_reach_goal.egg-info
[1.341s] writing ../../../../build/robile_reach_goal/robile_reach_goal.egg-info/PKG-INFO
[1.341s] writing dependency_links to ../../../../build/robile_reach_goal/robile_reach_goal.egg-info/dependency_links.txt
[1.341s] writing entry points to ../../../../build/robile_reach_goal/robile_reach_goal.egg-info/entry_points.txt
[1.341s] writing requirements to ../../../../build/robile_reach_goal/robile_reach_goal.egg-info/requires.txt
[1.342s] writing top-level names to ../../../../build/robile_reach_goal/robile_reach_goal.egg-info/top_level.txt
[1.342s] writing manifest file '../../../../build/robile_reach_goal/robile_reach_goal.egg-info/SOURCES.txt'
[1.369s] reading manifest file '../../../../build/robile_reach_goal/robile_reach_goal.egg-info/SOURCES.txt'
[1.369s] writing manifest file '../../../../build/robile_reach_goal/robile_reach_goal.egg-info/SOURCES.txt'
[1.369s] running build
[1.369s] running build_py
[1.370s] creating /home/prime/ros2_ws/build/robile_reach_goal/build
[1.370s] creating /home/prime/ros2_ws/build/robile_reach_goal/build/lib
[1.370s] creating /home/prime/ros2_ws/build/robile_reach_goal/build/lib/robile_reach_goal
[1.370s] copying robile_reach_goal/robile_reach_goal.py -> /home/prime/ros2_ws/build/robile_reach_goal/build/lib/robile_reach_goal
[1.370s] copying robile_reach_goal/__init__.py -> /home/prime/ros2_ws/build/robile_reach_goal/build/lib/robile_reach_goal
[1.370s] running install
[1.370s] /home/prime/.local/lib/python3.10/site-packages/setuptools/_distutils/cmd.py:66: SetuptoolsDeprecationWarning: setup.py install is deprecated.
[1.370s] !!
[1.370s] 
[1.370s]         ********************************************************************************
[1.370s]         Please avoid running ``setup.py`` directly.
[1.370s]         Instead, use pypa/build, pypa/installer or other
[1.370s]         standards-based tools.
[1.370s] 
[1.370s]         See https://blog.ganssle.io/articles/2021/10/setup-py-deprecated.html for details.
[1.371s]         ********************************************************************************
[1.371s] 
[1.371s] !!
[1.371s]   self.initialize_options()
[1.375s] running install_lib
[1.388s] creating /home/prime/ros2_ws/install/robile_reach_goal/lib/python3.10/site-packages/robile_reach_goal
[1.388s] copying /home/prime/ros2_ws/build/robile_reach_goal/build/lib/robile_reach_goal/robile_reach_goal.py -> /home/prime/ros2_ws/install/robile_reach_goal/lib/python3.10/site-packages/robile_reach_goal
[1.389s] copying /home/prime/ros2_ws/build/robile_reach_goal/build/lib/robile_reach_goal/__init__.py -> /home/prime/ros2_ws/install/robile_reach_goal/lib/python3.10/site-packages/robile_reach_goal
[1.389s] byte-compiling /home/prime/ros2_ws/install/robile_reach_goal/lib/python3.10/site-packages/robile_reach_goal/robile_reach_goal.py to robile_reach_goal.cpython-310.pyc
[1.390s] byte-compiling /home/prime/ros2_ws/install/robile_reach_goal/lib/python3.10/site-packages/robile_reach_goal/__init__.py to __init__.cpython-310.pyc
[1.390s] running install_data
[1.403s] creating /home/prime/ros2_ws/install/robile_reach_goal/share/ament_index
[1.403s] creating /home/prime/ros2_ws/install/robile_reach_goal/share/ament_index/resource_index
[1.403s] creating /home/prime/ros2_ws/install/robile_reach_goal/share/ament_index/resource_index/packages
[1.403s] copying resource/robile_reach_goal -> /home/prime/ros2_ws/install/robile_reach_goal/share/ament_index/resource_index/packages
[1.404s] copying package.xml -> /home/prime/ros2_ws/install/robile_reach_goal/share/robile_reach_goal
[1.404s] running install_egg_info
[1.418s] Copying ../../../../build/robile_reach_goal/robile_reach_goal.egg-info to /home/prime/ros2_ws/install/robile_reach_goal/lib/python3.10/site-packages/robile_reach_goal-0.0.0-py3.10.egg-info
[1.418s] running install_scripts
[1.549s] Installing robile_reach_goal script to /home/prime/ros2_ws/install/robile_reach_goal/lib/robile_reach_goal
[1.550s] writing list of installed files to '/home/prime/ros2_ws/build/robile_reach_goal/install.log'
[1.583s] Invoked command in '/home/prime/ros2_ws/src/Robile/robile_demos/robile_reach_goal' returned '0': PYTHONPATH=/home/prime/ros2_ws/build/robile_reach_goal/prefix_override:/home/prime/ros2_ws/install/robile_reach_goal/lib/python3.10/site-packages:${PYTHONPATH} /usr/bin/python3 setup.py egg_info --egg-base ../../../../build/robile_reach_goal build --build-base /home/prime/ros2_ws/build/robile_reach_goal/build install --record /home/prime/ros2_ws/build/robile_reach_goal/install.log --single-version-externally-managed
